09/15/2021 03:05:52 PM - SeleniumDriver - INFO: Element found with locator: user-name and  locatorType: id
09/15/2021 03:05:52 PM - SeleniumDriver - INFO: Sent data on element with locator: user-name locatorType: id
09/15/2021 03:05:52 PM - SeleniumDriver - INFO: Element found with locator: password and  locatorType: id
09/15/2021 03:05:53 PM - SeleniumDriver - INFO: Sent data on element with locator: password locatorType: id
09/15/2021 03:05:53 PM - SeleniumDriver - INFO: Element found with locator: login-button and  locatorType: id
09/15/2021 03:05:54 PM - SeleniumDriver - INFO: Clicked on element with locator: login-button locatorType: id
09/15/2021 03:05:54 PM - SeleniumDriver - INFO: Element found with locator: //span[@class='title' and (contains(text(),'Products'))] and  locatorType: xpath
09/15/2021 03:05:54 PM - SeleniumDriver - INFO: Element is displayed with locator: //span[@class='title' and (contains(text(),'Products'))] locatorType: xpath
09/15/2021 03:06:04 PM - SeleniumDriver - INFO: Element not found with locator: user-name and  locatorType: id
09/15/2021 03:06:04 PM - SeleniumDriver - INFO: Cannot send data on the element with locator: user-name locatorType: id
09/15/2021 03:06:15 PM - SeleniumDriver - INFO: Element not found with locator: user-name and  locatorType: id
09/15/2021 03:06:15 PM - SeleniumDriver - INFO: Cannot send data on the element with locator: user-name locatorType: id
09/15/2021 03:08:10 PM - SeleniumDriver - INFO: Element found with locator: user-name and  locatorType: id
09/15/2021 03:08:10 PM - SeleniumDriver - INFO: Sent data on element with locator: user-name locatorType: id
09/15/2021 03:08:10 PM - SeleniumDriver - INFO: Element found with locator: password and  locatorType: id
09/15/2021 03:08:10 PM - SeleniumDriver - INFO: Sent data on element with locator: password locatorType: id
09/15/2021 03:08:10 PM - SeleniumDriver - INFO: Element found with locator: login-button and  locatorType: id
09/15/2021 03:08:11 PM - SeleniumDriver - INFO: Clicked on element with locator: login-button locatorType: id
09/15/2021 03:08:11 PM - SeleniumDriver - INFO: Element found with locator: //span[@class='title' and (contains(text(),'Products'))] and  locatorType: xpath
09/15/2021 03:08:11 PM - SeleniumDriver - INFO: Element is displayed with locator: //span[@class='title' and (contains(text(),'Products'))] locatorType: xpath
09/15/2021 03:08:21 PM - SeleniumDriver - INFO: Element not found with locator: user-name and  locatorType: id
09/15/2021 03:08:21 PM - SeleniumDriver - INFO: Cannot send data on the element with locator: user-name locatorType: id
09/15/2021 03:08:31 PM - SeleniumDriver - INFO: Element not found with locator: user-name and  locatorType: id
09/15/2021 03:08:31 PM - SeleniumDriver - INFO: Cannot send data on the element with locator: user-name locatorType: id
09/15/2021 03:16:30 PM - SeleniumDriver - INFO: Element found with locator: user-name and  locatorType: id
09/15/2021 03:16:30 PM - SeleniumDriver - INFO: Sent data on element with locator: user-name locatorType: id
09/15/2021 03:16:30 PM - SeleniumDriver - INFO: Element found with locator: password and  locatorType: id
09/15/2021 03:16:30 PM - SeleniumDriver - INFO: Sent data on element with locator: password locatorType: id
09/15/2021 03:16:30 PM - SeleniumDriver - INFO: Element found with locator: login-button and  locatorType: id
09/15/2021 03:16:31 PM - SeleniumDriver - INFO: Clicked on element with locator: login-button locatorType: id
09/15/2021 03:16:31 PM - SeleniumDriver - INFO: Element found with locator: //span[@class='title' and (contains(text(),'Products'))] and  locatorType: xpath
09/15/2021 03:16:31 PM - SeleniumDriver - INFO: Element is displayed with locator: //span[@class='title' and (contains(text(),'Products'))] locatorType: xpath
09/15/2021 03:16:41 PM - SeleniumDriver - INFO: Element not found with locator: user-name and  locatorType: id
09/15/2021 03:16:41 PM - SeleniumDriver - INFO: Cannot send data on the element with locator: user-name locatorType: id
09/15/2021 03:16:51 PM - SeleniumDriver - INFO: Element not found with locator: password and  locatorType: id
09/15/2021 03:16:51 PM - SeleniumDriver - INFO: Cannot send data on the element with locator: password locatorType: id
09/15/2021 03:17:01 PM - SeleniumDriver - INFO: Element not found with locator: login-button and  locatorType: id
09/15/2021 03:17:01 PM - SeleniumDriver - INFO: Cannot click on the element with locator: login-button locatorType: id
09/15/2021 03:17:11 PM - SeleniumDriver - INFO: Element found with locator: Sauce Labs Backpack and  locatorType: partiallink
09/15/2021 03:17:11 PM - SeleniumDriver - INFO: Clicked on element with locator: Sauce Labs Backpack locatorType: partiallink
09/15/2021 03:17:22 PM - SeleniumDriver - INFO: Element found with locator: //button[contains(text(),'Add to cart')] and  locatorType: xpath
09/15/2021 03:17:22 PM - SeleniumDriver - INFO: Clicked on element with locator: //button[contains(text(),'Add to cart')] locatorType: xpath
09/15/2021 03:17:32 PM - SeleniumDriver - INFO: Element found with locator: shopping_cart_link and  locatorType: class
09/15/2021 03:17:32 PM - SeleniumDriver - INFO: Clicked on element with locator: shopping_cart_link locatorType: class
09/15/2021 03:17:42 PM - SeleniumDriver - INFO: Element found with locator: Sauce Labs Backpack and  locatorType: partiallink
09/15/2021 03:17:42 PM - SeleniumDriver - INFO: Element is displayed with locator: Sauce Labs Backpack locatorType: partiallink
09/15/2021 03:17:42 PM - SeleniumDriver - INFO: Element found with locator: Sauce Labs Backpack and  locatorType: partiallink
09/15/2021 03:17:42 PM - SeleniumDriver - INFO: Element is displayed with locator: Sauce Labs Backpack locatorType: partiallink
09/15/2021 03:17:52 PM - SeleniumDriver - INFO: Element not found with locator: user-name and  locatorType: id
09/15/2021 03:17:52 PM - SeleniumDriver - INFO: Cannot send data on the element with locator: user-name locatorType: id
09/15/2021 03:18:02 PM - SeleniumDriver - INFO: Element not found with locator: password and  locatorType: id
09/15/2021 03:18:02 PM - SeleniumDriver - INFO: Cannot send data on the element with locator: password locatorType: id
09/15/2021 03:18:12 PM - SeleniumDriver - INFO: Element not found with locator: login-button and  locatorType: id
09/15/2021 03:18:12 PM - SeleniumDriver - INFO: Cannot click on the element with locator: login-button locatorType: id
09/15/2021 03:18:12 PM - SeleniumDriver - INFO: Element found with locator: about_sidebar_link and  locatorType: id
09/15/2021 03:18:22 PM - SeleniumDriver - INFO: Cannot click on the element with locator: about_sidebar_link locatorType: id
09/15/2021 03:18:32 PM - SeleniumDriver - INFO: Element not found with locator: login-button and  locatorType: id
09/15/2021 03:18:32 PM - SeleniumDriver - INFO: Element not displayed with locator: login-button locatorType: id
09/15/2021 03:21:23 PM - SeleniumDriver - INFO: Element found with locator: user-name and  locatorType: id
09/15/2021 03:21:23 PM - SeleniumDriver - INFO: Sent data on element with locator: user-name locatorType: id
09/15/2021 03:21:24 PM - SeleniumDriver - INFO: Element found with locator: password and  locatorType: id
09/15/2021 03:21:24 PM - SeleniumDriver - INFO: Sent data on element with locator: password locatorType: id
09/15/2021 03:21:24 PM - SeleniumDriver - INFO: Element found with locator: login-button and  locatorType: id
09/15/2021 03:21:24 PM - SeleniumDriver - INFO: Clicked on element with locator: login-button locatorType: id
09/15/2021 03:21:24 PM - SeleniumDriver - INFO: Element found with locator: //span[@class='title' and (contains(text(),'Products'))] and  locatorType: xpath
09/15/2021 03:21:24 PM - SeleniumDriver - INFO: Element is displayed with locator: //span[@class='title' and (contains(text(),'Products'))] locatorType: xpath
09/15/2021 03:21:34 PM - SeleniumDriver - INFO: Element not found with locator: user-name and  locatorType: id
09/15/2021 03:21:34 PM - SeleniumDriver - INFO: Cannot send data on the element with locator: user-name locatorType: id
09/15/2021 03:21:45 PM - SeleniumDriver - INFO: Element not found with locator: password and  locatorType: id
09/15/2021 03:21:45 PM - SeleniumDriver - INFO: Cannot send data on the element with locator: password locatorType: id
09/15/2021 03:21:55 PM - SeleniumDriver - INFO: Element not found with locator: login-button and  locatorType: id
09/15/2021 03:21:55 PM - SeleniumDriver - INFO: Cannot click on the element with locator: login-button locatorType: id
09/15/2021 03:22:05 PM - SeleniumDriver - INFO: Element found with locator: Sauce Labs Backpack and  locatorType: partiallink
09/15/2021 03:22:05 PM - SeleniumDriver - INFO: Clicked on element with locator: Sauce Labs Backpack locatorType: partiallink
09/15/2021 03:22:15 PM - SeleniumDriver - INFO: Element found with locator: //button[contains(text(),'Add to cart')] and  locatorType: xpath
09/15/2021 03:22:15 PM - SeleniumDriver - INFO: Clicked on element with locator: //button[contains(text(),'Add to cart')] locatorType: xpath
09/15/2021 03:22:25 PM - SeleniumDriver - INFO: Element found with locator: shopping_cart_link and  locatorType: class
09/15/2021 03:22:25 PM - SeleniumDriver - INFO: Clicked on element with locator: shopping_cart_link locatorType: class
09/15/2021 03:22:35 PM - SeleniumDriver - INFO: Element found with locator: Sauce Labs Backpack and  locatorType: partiallink
09/15/2021 03:22:35 PM - SeleniumDriver - INFO: Element is displayed with locator: Sauce Labs Backpack locatorType: partiallink
09/15/2021 03:22:35 PM - SeleniumDriver - INFO: Element found with locator: Sauce Labs Backpack and  locatorType: partiallink
09/15/2021 03:22:35 PM - SeleniumDriver - INFO: Element is displayed with locator: Sauce Labs Backpack locatorType: partiallink
09/15/2021 03:22:45 PM - SeleniumDriver - INFO: Element not found with locator: user-name and  locatorType: id
09/15/2021 03:22:45 PM - SeleniumDriver - INFO: Cannot send data on the element with locator: user-name locatorType: id
09/15/2021 03:22:55 PM - SeleniumDriver - INFO: Element not found with locator: password and  locatorType: id
09/15/2021 03:22:55 PM - SeleniumDriver - INFO: Cannot send data on the element with locator: password locatorType: id
09/15/2021 03:23:05 PM - SeleniumDriver - INFO: Element not found with locator: login-button and  locatorType: id
09/15/2021 03:23:05 PM - SeleniumDriver - INFO: Cannot click on the element with locator: login-button locatorType: id
09/15/2021 03:23:06 PM - SeleniumDriver - INFO: Element found with locator: about_sidebar_link and  locatorType: id
09/15/2021 03:23:16 PM - SeleniumDriver - INFO: Cannot click on the element with locator: about_sidebar_link locatorType: id
09/15/2021 03:23:26 PM - SeleniumDriver - INFO: Element not found with locator: login-button and  locatorType: id
09/15/2021 03:23:26 PM - SeleniumDriver - INFO: Element not displayed with locator: login-button locatorType: id
09/15/2021 03:26:24 PM - SeleniumDriver - INFO: Element found with locator: user-name and  locatorType: id
09/15/2021 03:26:25 PM - SeleniumDriver - INFO: Sent data on element with locator: user-name locatorType: id
09/15/2021 03:26:25 PM - SeleniumDriver - INFO: Element found with locator: password and  locatorType: id
09/15/2021 03:26:25 PM - SeleniumDriver - INFO: Sent data on element with locator: password locatorType: id
09/15/2021 03:26:25 PM - SeleniumDriver - INFO: Element found with locator: login-button and  locatorType: id
09/15/2021 03:26:25 PM - SeleniumDriver - INFO: Clicked on element with locator: login-button locatorType: id
09/15/2021 03:26:26 PM - SeleniumDriver - INFO: Element found with locator: //span[@class='title' and (contains(text(),'Products'))] and  locatorType: xpath
09/15/2021 03:26:26 PM - SeleniumDriver - INFO: Element is displayed with locator: //span[@class='title' and (contains(text(),'Products'))] locatorType: xpath
09/15/2021 03:26:26 PM - TestStatus - ERROR: ### VERIFICATION FAILED :: + TC1 Completedtest_successful_login
09/15/2021 03:26:27 PM - TestStatus - INFO: Screenshot save to directory: C:\Users\dell-laptop\workspace_python\saucedemo\base\../screenshots/TC1 Completedtest_successful_login.1631699786674.png
09/15/2021 03:26:37 PM - SeleniumDriver - INFO: Element not found with locator: user-name and  locatorType: id
09/15/2021 03:26:37 PM - SeleniumDriver - INFO: Cannot send data on the element with locator: user-name locatorType: id
09/15/2021 03:26:47 PM - SeleniumDriver - INFO: Element not found with locator: password and  locatorType: id
09/15/2021 03:26:47 PM - SeleniumDriver - INFO: Cannot send data on the element with locator: password locatorType: id
09/15/2021 03:26:57 PM - SeleniumDriver - INFO: Element not found with locator: login-button and  locatorType: id
09/15/2021 03:26:57 PM - SeleniumDriver - INFO: Cannot click on the element with locator: login-button locatorType: id
09/15/2021 03:27:07 PM - SeleniumDriver - INFO: Element found with locator: Sauce Labs Backpack and  locatorType: partiallink
09/15/2021 03:27:07 PM - SeleniumDriver - INFO: Clicked on element with locator: Sauce Labs Backpack locatorType: partiallink
09/15/2021 03:27:17 PM - SeleniumDriver - INFO: Element found with locator: //button[contains(text(),'Add to cart')] and  locatorType: xpath
09/15/2021 03:27:17 PM - SeleniumDriver - INFO: Clicked on element with locator: //button[contains(text(),'Add to cart')] locatorType: xpath
09/15/2021 03:27:27 PM - SeleniumDriver - INFO: Element found with locator: shopping_cart_link and  locatorType: class
09/15/2021 03:27:28 PM - SeleniumDriver - INFO: Clicked on element with locator: shopping_cart_link locatorType: class
09/15/2021 03:27:38 PM - SeleniumDriver - INFO: Element found with locator: Sauce Labs Backpack and  locatorType: partiallink
09/15/2021 03:27:38 PM - SeleniumDriver - INFO: Element is displayed with locator: Sauce Labs Backpack locatorType: partiallink
09/15/2021 03:27:38 PM - SeleniumDriver - INFO: Element found with locator: Sauce Labs Backpack and  locatorType: partiallink
09/15/2021 03:27:38 PM - SeleniumDriver - INFO: Element is displayed with locator: Sauce Labs Backpack locatorType: partiallink
09/15/2021 03:27:38 PM - TestStatus - ERROR: ### VERIFICATION SUCCESSFUL :: + TC2 Completedtest_display_added_items
09/15/2021 03:27:48 PM - SeleniumDriver - INFO: Element not found with locator: user-name and  locatorType: id
09/15/2021 03:27:48 PM - SeleniumDriver - INFO: Cannot send data on the element with locator: user-name locatorType: id
09/15/2021 03:27:58 PM - SeleniumDriver - INFO: Element not found with locator: password and  locatorType: id
09/15/2021 03:27:58 PM - SeleniumDriver - INFO: Cannot send data on the element with locator: password locatorType: id
09/15/2021 03:28:08 PM - SeleniumDriver - INFO: Element not found with locator: login-button and  locatorType: id
09/15/2021 03:28:08 PM - SeleniumDriver - INFO: Cannot click on the element with locator: login-button locatorType: id
09/15/2021 03:28:08 PM - SeleniumDriver - INFO: Element found with locator: about_sidebar_link and  locatorType: id
09/15/2021 03:28:18 PM - SeleniumDriver - INFO: Cannot click on the element with locator: about_sidebar_link locatorType: id
09/15/2021 03:28:28 PM - SeleniumDriver - INFO: Element not found with locator: login-button and  locatorType: id
09/15/2021 03:28:28 PM - SeleniumDriver - INFO: Element not displayed with locator: login-button locatorType: id
09/15/2021 03:28:28 PM - TestStatus - ERROR: ### VERIFICATION FAILED :: + TC3 Completedtest_successful_logout
09/15/2021 03:28:28 PM - TestStatus - INFO: Screenshot save to directory: C:\Users\dell-laptop\workspace_python\saucedemo\base\../screenshots/TC3 Completedtest_successful_logout.1631699908493.png
09/15/2021 03:32:31 PM - SeleniumDriver - INFO: Element found with locator: user-name and  locatorType: id
09/15/2021 03:32:32 PM - SeleniumDriver - INFO: Sent data on element with locator: user-name locatorType: id
09/15/2021 03:32:32 PM - SeleniumDriver - INFO: Element found with locator: password and  locatorType: id
09/15/2021 03:32:32 PM - SeleniumDriver - INFO: Sent data on element with locator: password locatorType: id
09/15/2021 03:32:32 PM - SeleniumDriver - INFO: Element found with locator: login-button and  locatorType: id
09/15/2021 03:32:32 PM - SeleniumDriver - INFO: Clicked on element with locator: login-button locatorType: id
09/15/2021 03:32:32 PM - SeleniumDriver - INFO: Element found with locator: //span[@class='title' and (contains(text(),'Products'))] and  locatorType: xpath
09/15/2021 03:32:32 PM - SeleniumDriver - INFO: Element is displayed with locator: //span[@class='title' and (contains(text(),'Products'))] locatorType: xpath
09/15/2021 03:32:32 PM - TestStatus - ERROR: ### VERIFICATION FAILED :: + TC1 Completedtest_successful_login
09/15/2021 03:32:33 PM - TestStatus - INFO: Screenshot save to directory: C:\Users\dell-laptop\workspace_python\saucedemo\base\../screenshots/TC1 Completedtest_successful_login.1631700152995.png
09/15/2021 03:32:43 PM - SeleniumDriver - INFO: Element not found with locator: user-name and  locatorType: id
09/15/2021 03:32:43 PM - SeleniumDriver - INFO: Cannot send data on the element with locator: user-name locatorType: id
09/15/2021 03:32:53 PM - SeleniumDriver - INFO: Element not found with locator: password and  locatorType: id
09/15/2021 03:32:53 PM - SeleniumDriver - INFO: Cannot send data on the element with locator: password locatorType: id
09/15/2021 03:33:03 PM - SeleniumDriver - INFO: Element not found with locator: login-button and  locatorType: id
09/15/2021 03:33:03 PM - SeleniumDriver - INFO: Cannot click on the element with locator: login-button locatorType: id
09/15/2021 03:33:13 PM - SeleniumDriver - INFO: Element found with locator: Sauce Labs Backpack and  locatorType: partiallink
09/15/2021 03:33:14 PM - SeleniumDriver - INFO: Clicked on element with locator: Sauce Labs Backpack locatorType: partiallink
09/15/2021 03:33:24 PM - SeleniumDriver - INFO: Element found with locator: //button[contains(text(),'Add to cart')] and  locatorType: xpath
09/15/2021 03:33:24 PM - SeleniumDriver - INFO: Clicked on element with locator: //button[contains(text(),'Add to cart')] locatorType: xpath
09/15/2021 03:33:34 PM - SeleniumDriver - INFO: Element found with locator: shopping_cart_link and  locatorType: class
09/15/2021 03:33:34 PM - SeleniumDriver - INFO: Clicked on element with locator: shopping_cart_link locatorType: class
09/15/2021 03:33:44 PM - SeleniumDriver - INFO: Element found with locator: Sauce Labs Backpack and  locatorType: partiallink
09/15/2021 03:33:44 PM - SeleniumDriver - INFO: Element is displayed with locator: Sauce Labs Backpack locatorType: partiallink
09/15/2021 03:33:44 PM - SeleniumDriver - INFO: Element found with locator: Sauce Labs Backpack and  locatorType: partiallink
09/15/2021 03:33:44 PM - SeleniumDriver - INFO: Element is displayed with locator: Sauce Labs Backpack locatorType: partiallink
09/15/2021 03:33:44 PM - TestStatus - ERROR: ### VERIFICATION SUCCESSFUL :: + TC2 Completedtest_display_added_items
09/15/2021 03:33:54 PM - SeleniumDriver - INFO: Element not found with locator: user-name and  locatorType: id
09/15/2021 03:33:54 PM - SeleniumDriver - INFO: Cannot send data on the element with locator: user-name locatorType: id
09/15/2021 03:34:04 PM - SeleniumDriver - INFO: Element not found with locator: password and  locatorType: id
09/15/2021 03:34:04 PM - SeleniumDriver - INFO: Cannot send data on the element with locator: password locatorType: id
09/15/2021 03:34:14 PM - SeleniumDriver - INFO: Element not found with locator: login-button and  locatorType: id
09/15/2021 03:34:14 PM - SeleniumDriver - INFO: Cannot click on the element with locator: login-button locatorType: id
09/15/2021 03:34:14 PM - SeleniumDriver - INFO: Element found with locator: about_sidebar_link and  locatorType: id
09/15/2021 03:34:24 PM - SeleniumDriver - INFO: Cannot click on the element with locator: about_sidebar_link locatorType: id
09/15/2021 03:34:34 PM - SeleniumDriver - INFO: Element not found with locator: login-button and  locatorType: id
09/15/2021 03:34:34 PM - SeleniumDriver - INFO: Element not displayed with locator: login-button locatorType: id
09/15/2021 03:34:34 PM - TestStatus - ERROR: ### VERIFICATION FAILED :: + TC3 Completedtest_successful_logout
09/15/2021 03:34:34 PM - TestStatus - INFO: Screenshot save to directory: C:\Users\dell-laptop\workspace_python\saucedemo\base\../screenshots/TC3 Completedtest_successful_logout.1631700274666.png
09/15/2021 03:35:26 PM - SeleniumDriver - INFO: Element found with locator: user-name and  locatorType: id
09/15/2021 03:35:26 PM - SeleniumDriver - INFO: Sent data on element with locator: user-name locatorType: id
09/15/2021 03:35:26 PM - SeleniumDriver - INFO: Element found with locator: password and  locatorType: id
09/15/2021 03:35:27 PM - SeleniumDriver - INFO: Sent data on element with locator: password locatorType: id
09/15/2021 03:35:27 PM - SeleniumDriver - INFO: Element found with locator: login-button and  locatorType: id
09/15/2021 03:35:27 PM - SeleniumDriver - INFO: Clicked on element with locator: login-button locatorType: id
09/15/2021 03:35:27 PM - SeleniumDriver - INFO: Element found with locator: //span[@class='title' and (contains(text(),'Products'))] and  locatorType: xpath
09/15/2021 03:35:27 PM - SeleniumDriver - INFO: Element is displayed with locator: //span[@class='title' and (contains(text(),'Products'))] locatorType: xpath
09/15/2021 03:35:27 PM - TestStatus - ERROR: ### VERIFICATION FAILED :: + TC1 Completedtest_successful_login
09/15/2021 03:35:27 PM - TestStatus - INFO: Screenshot save to directory: C:\Users\dell-laptop\workspace_python\saucedemo\base\../screenshots/TC1 Completedtest_successful_login.1631700327360.png
09/15/2021 03:35:38 PM - SeleniumDriver - INFO: Element not found with locator: user-name and  locatorType: id
09/15/2021 03:35:38 PM - SeleniumDriver - INFO: Cannot send data on the element with locator: user-name locatorType: id
09/15/2021 03:35:48 PM - SeleniumDriver - INFO: Element not found with locator: password and  locatorType: id
09/15/2021 03:35:48 PM - SeleniumDriver - INFO: Cannot send data on the element with locator: password locatorType: id
09/15/2021 03:35:58 PM - SeleniumDriver - INFO: Element not found with locator: login-button and  locatorType: id
09/15/2021 03:35:58 PM - SeleniumDriver - INFO: Cannot click on the element with locator: login-button locatorType: id
09/15/2021 03:36:08 PM - SeleniumDriver - INFO: Element found with locator: Sauce Labs Backpack and  locatorType: partiallink
09/15/2021 03:36:08 PM - SeleniumDriver - INFO: Clicked on element with locator: Sauce Labs Backpack locatorType: partiallink
09/15/2021 03:36:18 PM - SeleniumDriver - INFO: Element found with locator: //button[contains(text(),'Add to cart')] and  locatorType: xpath
09/15/2021 03:36:18 PM - SeleniumDriver - INFO: Clicked on element with locator: //button[contains(text(),'Add to cart')] locatorType: xpath
09/15/2021 03:36:28 PM - SeleniumDriver - INFO: Element found with locator: shopping_cart_link and  locatorType: class
09/15/2021 03:36:28 PM - SeleniumDriver - INFO: Clicked on element with locator: shopping_cart_link locatorType: class
09/15/2021 03:36:38 PM - SeleniumDriver - INFO: Element found with locator: Sauce Labs Backpack and  locatorType: partiallink
09/15/2021 03:36:38 PM - SeleniumDriver - INFO: Element is displayed with locator: Sauce Labs Backpack locatorType: partiallink
09/15/2021 03:36:38 PM - SeleniumDriver - INFO: Element found with locator: Sauce Labs Backpack and  locatorType: partiallink
09/15/2021 03:36:38 PM - SeleniumDriver - INFO: Element is displayed with locator: Sauce Labs Backpack locatorType: partiallink
09/15/2021 03:36:38 PM - TestStatus - ERROR: ### VERIFICATION SUCCESSFUL :: + TC2 Completedtest_display_added_items
09/15/2021 03:36:48 PM - SeleniumDriver - INFO: Element not found with locator: user-name and  locatorType: id
09/15/2021 03:36:48 PM - SeleniumDriver - INFO: Cannot send data on the element with locator: user-name locatorType: id
09/15/2021 03:36:59 PM - SeleniumDriver - INFO: Element not found with locator: password and  locatorType: id
09/15/2021 03:36:59 PM - SeleniumDriver - INFO: Cannot send data on the element with locator: password locatorType: id
09/15/2021 03:37:09 PM - SeleniumDriver - INFO: Element not found with locator: login-button and  locatorType: id
09/15/2021 03:37:09 PM - SeleniumDriver - INFO: Cannot click on the element with locator: login-button locatorType: id
09/15/2021 03:37:09 PM - SeleniumDriver - INFO: Element found with locator: about_sidebar_link and  locatorType: id
09/15/2021 03:37:19 PM - SeleniumDriver - INFO: Cannot click on the element with locator: about_sidebar_link locatorType: id
09/15/2021 03:37:29 PM - SeleniumDriver - INFO: Element not found with locator: login-button and  locatorType: id
09/15/2021 03:37:29 PM - SeleniumDriver - INFO: Element not displayed with locator: login-button locatorType: id
09/15/2021 03:37:29 PM - TestStatus - ERROR: ### VERIFICATION FAILED :: + TC3 Completedtest_successful_logout
09/15/2021 03:37:29 PM - TestStatus - INFO: Screenshot save to directory: C:\Users\dell-laptop\workspace_python\saucedemo\base\../screenshots/TC3 Completedtest_successful_logout.1631700449244.png
09/15/2021 03:47:58 PM - SeleniumDriver - INFO: Element found with locator: user-name and  locatorType: id
09/15/2021 03:47:58 PM - SeleniumDriver - INFO: Sent data on element with locator: user-name locatorType: id
09/15/2021 03:47:58 PM - SeleniumDriver - INFO: Element found with locator: password and  locatorType: id
09/15/2021 03:47:59 PM - SeleniumDriver - INFO: Sent data on element with locator: password locatorType: id
09/15/2021 03:47:59 PM - SeleniumDriver - INFO: Element found with locator: login-button and  locatorType: id
09/15/2021 03:47:59 PM - SeleniumDriver - INFO: Clicked on element with locator: login-button locatorType: id
09/15/2021 03:48:00 PM - SeleniumDriver - INFO: Element found with locator: //span[@class='title' and (contains(text(),'Products'))] and  locatorType: xpath
09/15/2021 03:48:00 PM - SeleniumDriver - INFO: Element is displayed with locator: //span[@class='title' and (contains(text(),'Products'))] locatorType: xpath
09/15/2021 03:48:00 PM - TestStatus - ERROR: ### VERIFICATION FAILED :: + TC1 Completedtest_successful_login
09/15/2021 03:48:01 PM - TestStatus - INFO: Screenshot save to directory: C:\Users\dell-laptop\workspace_python\saucedemo\base\../screenshots/TC1 Completedtest_successful_login.1631701080476.png
09/15/2021 03:48:11 PM - SeleniumDriver - INFO: Element not found with locator: user-name and  locatorType: id
09/15/2021 03:48:11 PM - SeleniumDriver - INFO: Cannot send data on the element with locator: user-name locatorType: id
09/15/2021 03:48:21 PM - SeleniumDriver - INFO: Element not found with locator: password and  locatorType: id
09/15/2021 03:48:21 PM - SeleniumDriver - INFO: Cannot send data on the element with locator: password locatorType: id
09/15/2021 03:48:31 PM - SeleniumDriver - INFO: Element not found with locator: login-button and  locatorType: id
09/15/2021 03:48:31 PM - SeleniumDriver - INFO: Cannot click on the element with locator: login-button locatorType: id
09/15/2021 03:48:41 PM - SeleniumDriver - INFO: Element found with locator: Sauce Labs Backpack and  locatorType: partiallink
09/15/2021 03:48:41 PM - SeleniumDriver - INFO: Clicked on element with locator: Sauce Labs Backpack locatorType: partiallink
09/15/2021 03:48:52 PM - SeleniumDriver - INFO: Element found with locator: //button[contains(text(),'Add to cart')] and  locatorType: xpath
09/15/2021 03:48:52 PM - SeleniumDriver - INFO: Clicked on element with locator: //button[contains(text(),'Add to cart')] locatorType: xpath
09/15/2021 03:49:02 PM - SeleniumDriver - INFO: Element found with locator: shopping_cart_link and  locatorType: class
09/15/2021 03:49:02 PM - SeleniumDriver - INFO: Clicked on element with locator: shopping_cart_link locatorType: class
09/15/2021 03:49:12 PM - SeleniumDriver - INFO: Element found with locator: Sauce Labs Backpack and  locatorType: partiallink
09/15/2021 03:49:12 PM - SeleniumDriver - INFO: Element is displayed with locator: Sauce Labs Backpack locatorType: partiallink
09/15/2021 03:49:12 PM - SeleniumDriver - INFO: Element found with locator: Sauce Labs Backpack and  locatorType: partiallink
09/15/2021 03:49:12 PM - SeleniumDriver - INFO: Element is displayed with locator: Sauce Labs Backpack locatorType: partiallink
09/15/2021 03:49:12 PM - TestStatus - ERROR: ### VERIFICATION SUCCESSFUL :: + TC2 Completedtest_display_added_items
09/15/2021 03:49:22 PM - SeleniumDriver - INFO: Element not found with locator: user-name and  locatorType: id
09/15/2021 03:49:22 PM - SeleniumDriver - INFO: Cannot send data on the element with locator: user-name locatorType: id
09/15/2021 03:49:32 PM - SeleniumDriver - INFO: Element not found with locator: password and  locatorType: id
09/15/2021 03:49:32 PM - SeleniumDriver - INFO: Cannot send data on the element with locator: password locatorType: id
09/15/2021 03:49:42 PM - SeleniumDriver - INFO: Element not found with locator: login-button and  locatorType: id
09/15/2021 03:49:42 PM - SeleniumDriver - INFO: Cannot click on the element with locator: login-button locatorType: id
09/15/2021 03:49:42 PM - SeleniumDriver - INFO: Element found with locator: about_sidebar_link and  locatorType: id
09/15/2021 03:49:52 PM - SeleniumDriver - INFO: Cannot click on the element with locator: about_sidebar_link locatorType: id
09/15/2021 03:50:02 PM - SeleniumDriver - INFO: Element not found with locator: login-button and  locatorType: id
09/15/2021 03:50:02 PM - SeleniumDriver - INFO: Element not displayed with locator: login-button locatorType: id
09/15/2021 03:50:02 PM - TestStatus - ERROR: ### VERIFICATION FAILED :: + TC3 Completedtest_successful_logout
09/15/2021 03:50:03 PM - TestStatus - INFO: Screenshot save to directory: C:\Users\dell-laptop\workspace_python\saucedemo\base\../screenshots/TC3 Completedtest_successful_logout.1631701202780.png
09/15/2021 05:44:54 PM - SeleniumDriver - INFO: Element found with locator: user-name and  locatorType: id
09/15/2021 05:44:54 PM - SeleniumDriver - INFO: Sent data on element with locator: user-name locatorType: id
09/15/2021 05:44:56 PM - SeleniumDriver - INFO: Element found with locator: password and  locatorType: id
09/15/2021 05:44:57 PM - SeleniumDriver - INFO: Sent data on element with locator: password locatorType: id
09/15/2021 05:44:57 PM - SeleniumDriver - INFO: Element found with locator: login-button and  locatorType: id
09/15/2021 05:44:58 PM - SeleniumDriver - INFO: Clicked on element with locator: login-button locatorType: id
09/15/2021 05:44:59 PM - SeleniumDriver - INFO: Element found with locator: //span[@class='title' and (contains(text(),'Products'))] and  locatorType: xpath
09/15/2021 05:44:59 PM - SeleniumDriver - INFO: Element is displayed with locator: //span[@class='title' and (contains(text(),'Products'))] locatorType: xpath
09/15/2021 05:44:59 PM - TestStatus - ERROR: ### VERIFICATION FAILED :: + TC1 Completedtest_successful_login
09/15/2021 05:45:00 PM - TestStatus - INFO: Screenshot save to directory: C:\Users\dell-laptop\workspace_python\saucedemo\base\../screenshots/TC1 Completedtest_successful_login.1631708099479.png
09/15/2021 05:45:10 PM - SeleniumDriver - INFO: Element not found with locator: user-name and  locatorType: id
09/15/2021 05:45:10 PM - SeleniumDriver - INFO: Cannot send data on the element with locator: user-name locatorType: id
09/15/2021 05:45:20 PM - SeleniumDriver - INFO: Element not found with locator: password and  locatorType: id
09/15/2021 05:45:20 PM - SeleniumDriver - INFO: Cannot send data on the element with locator: password locatorType: id
09/15/2021 05:45:30 PM - SeleniumDriver - INFO: Element not found with locator: login-button and  locatorType: id
09/15/2021 05:45:30 PM - SeleniumDriver - INFO: Cannot click on the element with locator: login-button locatorType: id
09/15/2021 05:45:40 PM - SeleniumDriver - INFO: Element found with locator: Sauce Labs Backpack and  locatorType: partiallink
09/15/2021 05:45:40 PM - SeleniumDriver - INFO: Clicked on element with locator: Sauce Labs Backpack locatorType: partiallink
09/15/2021 05:45:50 PM - SeleniumDriver - INFO: Element found with locator: //button[contains(text(),'Add to cart')] and  locatorType: xpath
09/15/2021 05:45:50 PM - SeleniumDriver - INFO: Clicked on element with locator: //button[contains(text(),'Add to cart')] locatorType: xpath
09/15/2021 05:46:00 PM - SeleniumDriver - INFO: Element found with locator: shopping_cart_link and  locatorType: class
09/15/2021 05:46:00 PM - SeleniumDriver - INFO: Clicked on element with locator: shopping_cart_link locatorType: class
09/15/2021 05:46:10 PM - SeleniumDriver - INFO: Element found with locator: Sauce Labs Backpack and  locatorType: partiallink
09/15/2021 05:46:10 PM - SeleniumDriver - INFO: Element is displayed with locator: Sauce Labs Backpack locatorType: partiallink
09/15/2021 05:46:10 PM - SeleniumDriver - INFO: Element found with locator: Sauce Labs Backpack and  locatorType: partiallink
09/15/2021 05:46:10 PM - SeleniumDriver - INFO: Element is displayed with locator: Sauce Labs Backpack locatorType: partiallink
09/15/2021 05:46:10 PM - TestStatus - ERROR: ### VERIFICATION SUCCESSFUL :: + TC2 Completedtest_display_added_items
09/15/2021 05:46:20 PM - SeleniumDriver - INFO: Element not found with locator: user-name and  locatorType: id
09/15/2021 05:46:20 PM - SeleniumDriver - INFO: Cannot send data on the element with locator: user-name locatorType: id
09/15/2021 05:46:30 PM - SeleniumDriver - INFO: Element not found with locator: password and  locatorType: id
09/15/2021 05:46:30 PM - SeleniumDriver - INFO: Cannot send data on the element with locator: password locatorType: id
09/15/2021 05:46:40 PM - SeleniumDriver - INFO: Element not found with locator: login-button and  locatorType: id
09/15/2021 05:46:40 PM - SeleniumDriver - INFO: Cannot click on the element with locator: login-button locatorType: id
09/15/2021 05:46:40 PM - SeleniumDriver - INFO: Element found with locator: about_sidebar_link and  locatorType: id
09/15/2021 05:46:51 PM - SeleniumDriver - INFO: Cannot click on the element with locator: about_sidebar_link locatorType: id
09/15/2021 05:47:01 PM - SeleniumDriver - INFO: Element not found with locator: login-button and  locatorType: id
09/15/2021 05:47:01 PM - SeleniumDriver - INFO: Element not displayed with locator: login-button locatorType: id
09/15/2021 05:47:01 PM - TestStatus - ERROR: ### VERIFICATION FAILED :: + TC3 Completedtest_successful_logout
09/15/2021 05:47:01 PM - TestStatus - INFO: Screenshot save to directory: C:\Users\dell-laptop\workspace_python\saucedemo\base\../screenshots/TC3 Completedtest_successful_logout.1631708221091.png
09/15/2021 06:08:49 PM - SeleniumDriver - INFO: Element found with locator: user-name and  locatorType: id
09/15/2021 06:08:50 PM - SeleniumDriver - INFO: Sent data on element with locator: user-name locatorType: id
09/15/2021 06:08:50 PM - SeleniumDriver - INFO: Element found with locator: password and  locatorType: id
09/15/2021 06:08:50 PM - SeleniumDriver - INFO: Sent data on element with locator: password locatorType: id
09/15/2021 06:08:50 PM - SeleniumDriver - INFO: Element found with locator: login-button and  locatorType: id
09/15/2021 06:08:51 PM - SeleniumDriver - INFO: Clicked on element with locator: login-button locatorType: id
09/15/2021 06:08:54 PM - SeleniumDriver - INFO: Element found with locator: //span[@class='title' and (contains(text(),'Products'))] and  locatorType: xpath
09/15/2021 06:08:54 PM - SeleniumDriver - INFO: Element is displayed with locator: //span[@class='title' and (contains(text(),'Products'))] locatorType: xpath
09/15/2021 06:08:54 PM - TestStatus - ERROR: ### VERIFICATION FAILED :: + TC1 Completedtest_successful_login
09/15/2021 06:08:55 PM - TestStatus - INFO: Screenshot save to directory: C:\Users\dell-laptop\workspace_python\saucedemo\base\../screenshots/TC1 Completedtest_successful_login.1631709534513.png
09/15/2021 06:09:05 PM - SeleniumDriver - INFO: Element not found with locator: user-name and  locatorType: id
09/15/2021 06:09:05 PM - SeleniumDriver - INFO: Cannot send data on the element with locator: user-name locatorType: id
09/15/2021 06:09:15 PM - SeleniumDriver - INFO: Element not found with locator: password and  locatorType: id
09/15/2021 06:09:15 PM - SeleniumDriver - INFO: Cannot send data on the element with locator: password locatorType: id
09/15/2021 06:09:25 PM - SeleniumDriver - INFO: Element not found with locator: login-button and  locatorType: id
09/15/2021 06:09:25 PM - SeleniumDriver - INFO: Cannot click on the element with locator: login-button locatorType: id
09/15/2021 06:09:35 PM - SeleniumDriver - INFO: Element found with locator: Sauce Labs Backpack and  locatorType: partiallink
09/15/2021 06:09:35 PM - SeleniumDriver - INFO: Clicked on element with locator: Sauce Labs Backpack locatorType: partiallink
09/15/2021 06:09:45 PM - SeleniumDriver - INFO: Element found with locator: //button[contains(text(),'Add to cart')] and  locatorType: xpath
09/15/2021 06:09:45 PM - SeleniumDriver - INFO: Clicked on element with locator: //button[contains(text(),'Add to cart')] locatorType: xpath
09/15/2021 06:09:56 PM - SeleniumDriver - INFO: Element found with locator: shopping_cart_link and  locatorType: class
09/15/2021 06:09:56 PM - SeleniumDriver - INFO: Clicked on element with locator: shopping_cart_link locatorType: class
09/15/2021 06:10:06 PM - SeleniumDriver - INFO: Element found with locator: Sauce Labs Backpack and  locatorType: partiallink
09/15/2021 06:10:06 PM - SeleniumDriver - INFO: Element is displayed with locator: Sauce Labs Backpack locatorType: partiallink
09/15/2021 06:10:06 PM - SeleniumDriver - INFO: Element found with locator: Sauce Labs Backpack and  locatorType: partiallink
09/15/2021 06:10:06 PM - SeleniumDriver - INFO: Element is displayed with locator: Sauce Labs Backpack locatorType: partiallink
09/15/2021 06:10:06 PM - TestStatus - ERROR: ### VERIFICATION SUCCESSFUL :: + TC2 Completedtest_display_added_items
09/15/2021 06:10:16 PM - SeleniumDriver - INFO: Element not found with locator: user-name and  locatorType: id
09/15/2021 06:10:16 PM - SeleniumDriver - INFO: Cannot send data on the element with locator: user-name locatorType: id
09/15/2021 06:10:26 PM - SeleniumDriver - INFO: Element not found with locator: password and  locatorType: id
09/15/2021 06:10:26 PM - SeleniumDriver - INFO: Cannot send data on the element with locator: password locatorType: id
09/15/2021 06:10:36 PM - SeleniumDriver - INFO: Element not found with locator: login-button and  locatorType: id
09/15/2021 06:10:36 PM - SeleniumDriver - INFO: Cannot click on the element with locator: login-button locatorType: id
09/15/2021 06:10:36 PM - SeleniumDriver - INFO: Element found with locator: about_sidebar_link and  locatorType: id
09/15/2021 06:10:46 PM - SeleniumDriver - INFO: Cannot click on the element with locator: about_sidebar_link locatorType: id
09/15/2021 06:10:56 PM - SeleniumDriver - INFO: Element not found with locator: login-button and  locatorType: id
09/15/2021 06:10:56 PM - SeleniumDriver - INFO: Element not displayed with locator: login-button locatorType: id
09/15/2021 06:10:56 PM - TestStatus - ERROR: ### VERIFICATION FAILED :: + TC3 Completedtest_successful_logout
09/15/2021 06:10:57 PM - TestStatus - INFO: Screenshot save to directory: C:\Users\dell-laptop\workspace_python\saucedemo\base\../screenshots/TC3 Completedtest_successful_logout.1631709656780.png
09/15/2021 06:28:42 PM - SeleniumDriver - INFO: Element found with locator: user-name and  locatorType: id
09/15/2021 06:28:42 PM - SeleniumDriver - INFO: Sent data on element with locator: user-name locatorType: id
09/15/2021 06:28:42 PM - SeleniumDriver - INFO: Element found with locator: password and  locatorType: id
09/15/2021 06:28:42 PM - SeleniumDriver - INFO: Sent data on element with locator: password locatorType: id
09/15/2021 06:28:42 PM - SeleniumDriver - INFO: Element found with locator: login-button and  locatorType: id
09/15/2021 06:28:44 PM - SeleniumDriver - INFO: Clicked on element with locator: login-button locatorType: id
09/15/2021 06:28:54 PM - SeleniumDriver - INFO: Element not found with locator: user-name and  locatorType: id
09/15/2021 06:28:54 PM - SeleniumDriver - INFO: Cannot send data on the element with locator: user-name locatorType: id
09/15/2021 06:29:04 PM - SeleniumDriver - INFO: Element not found with locator: password and  locatorType: id
09/15/2021 06:29:04 PM - SeleniumDriver - INFO: Cannot send data on the element with locator: password locatorType: id
09/15/2021 06:29:14 PM - SeleniumDriver - INFO: Element not found with locator: login-button and  locatorType: id
09/15/2021 06:29:14 PM - SeleniumDriver - INFO: Cannot click on the element with locator: login-button locatorType: id
09/15/2021 06:29:24 PM - SeleniumDriver - INFO: Element found with locator: Sauce Labs Backpack and  locatorType: partiallink
09/15/2021 06:29:24 PM - SeleniumDriver - INFO: Clicked on element with locator: Sauce Labs Backpack locatorType: partiallink
09/15/2021 06:29:34 PM - SeleniumDriver - INFO: Element found with locator: //button[contains(text(),'Add to cart')] and  locatorType: xpath
09/15/2021 06:29:34 PM - SeleniumDriver - INFO: Clicked on element with locator: //button[contains(text(),'Add to cart')] locatorType: xpath
09/15/2021 06:29:44 PM - SeleniumDriver - INFO: Element found with locator: shopping_cart_link and  locatorType: class
09/15/2021 06:29:45 PM - SeleniumDriver - INFO: Clicked on element with locator: shopping_cart_link locatorType: class
09/15/2021 06:29:55 PM - SeleniumDriver - INFO: Element found with locator: Sauce Labs Backpack and  locatorType: partiallink
09/15/2021 06:29:55 PM - SeleniumDriver - INFO: Element is displayed with locator: Sauce Labs Backpack locatorType: partiallink
09/15/2021 06:29:55 PM - SeleniumDriver - INFO: Element found with locator: Sauce Labs Backpack and  locatorType: partiallink
09/15/2021 06:29:55 PM - SeleniumDriver - INFO: Element is displayed with locator: Sauce Labs Backpack locatorType: partiallink
09/15/2021 06:29:55 PM - TestStatus - ERROR: ### VERIFICATION SUCCESSFUL :: + TC2 Completedtest_display_added_items
09/15/2021 06:30:05 PM - SeleniumDriver - INFO: Element not found with locator: user-name and  locatorType: id
09/15/2021 06:30:05 PM - SeleniumDriver - INFO: Cannot send data on the element with locator: user-name locatorType: id
09/15/2021 06:30:15 PM - SeleniumDriver - INFO: Element not found with locator: password and  locatorType: id
09/15/2021 06:30:15 PM - SeleniumDriver - INFO: Cannot send data on the element with locator: password locatorType: id
09/15/2021 06:30:25 PM - SeleniumDriver - INFO: Element not found with locator: login-button and  locatorType: id
09/15/2021 06:30:25 PM - SeleniumDriver - INFO: Cannot click on the element with locator: login-button locatorType: id
09/15/2021 06:30:25 PM - SeleniumDriver - INFO: Element found with locator: about_sidebar_link and  locatorType: id
09/15/2021 06:30:35 PM - SeleniumDriver - INFO: Cannot click on the element with locator: about_sidebar_link locatorType: id
09/15/2021 06:30:45 PM - SeleniumDriver - INFO: Element not found with locator: login-button and  locatorType: id
09/15/2021 06:30:45 PM - SeleniumDriver - INFO: Element not displayed with locator: login-button locatorType: id
09/15/2021 06:30:45 PM - TestStatus - ERROR: ### VERIFICATION FAILED :: + TC3 Completedtest_successful_logout
09/15/2021 06:30:45 PM - TestStatus - INFO: Screenshot save to directory: C:\Users\dell-laptop\workspace_python\saucedemo\base\../screenshots/TC3 Completedtest_successful_logout.1631710845456.png
09/15/2021 06:32:23 PM - SeleniumDriver - INFO: Element found with locator: user-name and  locatorType: id
09/15/2021 06:32:23 PM - SeleniumDriver - INFO: Sent data on element with locator: user-name locatorType: id
09/15/2021 06:32:23 PM - SeleniumDriver - INFO: Element found with locator: password and  locatorType: id
09/15/2021 06:32:23 PM - SeleniumDriver - INFO: Sent data on element with locator: password locatorType: id
09/15/2021 06:32:23 PM - SeleniumDriver - INFO: Element found with locator: login-button and  locatorType: id
09/15/2021 06:32:24 PM - SeleniumDriver - INFO: Clicked on element with locator: login-button locatorType: id
09/15/2021 06:32:24 PM - SeleniumDriver - INFO: Element found with locator: //span[@class='title' and (contains(text(),'Products'))] and  locatorType: xpath
09/15/2021 06:32:24 PM - SeleniumDriver - INFO: Element is displayed with locator: //span[@class='title' and (contains(text(),'Products'))] locatorType: xpath
09/15/2021 06:32:24 PM - TestStatus - ERROR: ### VERIFICATION FAILED :: + TC1 Completedtest_successful_login
09/15/2021 06:32:25 PM - TestStatus - INFO: Screenshot save to directory: C:\Users\dell-laptop\workspace_python\saucedemo\base\../screenshots/TC1 Completedtest_successful_login.1631710944783.png
09/15/2021 06:32:35 PM - SeleniumDriver - INFO: Element not found with locator: user-name and  locatorType: id
09/15/2021 06:32:35 PM - SeleniumDriver - INFO: Cannot send data on the element with locator: user-name locatorType: id
09/15/2021 06:32:45 PM - SeleniumDriver - INFO: Element not found with locator: password and  locatorType: id
09/15/2021 06:32:45 PM - SeleniumDriver - INFO: Cannot send data on the element with locator: password locatorType: id
09/15/2021 06:32:55 PM - SeleniumDriver - INFO: Element not found with locator: login-button and  locatorType: id
09/15/2021 06:32:55 PM - SeleniumDriver - INFO: Cannot click on the element with locator: login-button locatorType: id
09/15/2021 06:33:05 PM - SeleniumDriver - INFO: Element found with locator: Sauce Labs Backpack and  locatorType: partiallink
09/15/2021 06:33:05 PM - SeleniumDriver - INFO: Clicked on element with locator: Sauce Labs Backpack locatorType: partiallink
09/15/2021 06:33:15 PM - SeleniumDriver - INFO: Element found with locator: //button[contains(text(),'Add to cart')] and  locatorType: xpath
09/15/2021 06:33:15 PM - SeleniumDriver - INFO: Clicked on element with locator: //button[contains(text(),'Add to cart')] locatorType: xpath
09/15/2021 06:33:26 PM - SeleniumDriver - INFO: Element found with locator: shopping_cart_link and  locatorType: class
09/15/2021 06:33:26 PM - SeleniumDriver - INFO: Clicked on element with locator: shopping_cart_link locatorType: class
09/15/2021 06:33:36 PM - SeleniumDriver - INFO: Element found with locator: Sauce Labs Backpack and  locatorType: partiallink
09/15/2021 06:33:36 PM - SeleniumDriver - INFO: Element is displayed with locator: Sauce Labs Backpack locatorType: partiallink
09/15/2021 06:33:36 PM - SeleniumDriver - INFO: Element found with locator: Sauce Labs Backpack and  locatorType: partiallink
09/15/2021 06:33:36 PM - SeleniumDriver - INFO: Element is displayed with locator: Sauce Labs Backpack locatorType: partiallink
09/15/2021 06:33:36 PM - TestStatus - ERROR: ### VERIFICATION SUCCESSFUL :: + TC2 Completedtest_display_added_items
09/15/2021 06:33:46 PM - SeleniumDriver - INFO: Element not found with locator: user-name and  locatorType: id
09/15/2021 06:33:46 PM - SeleniumDriver - INFO: Cannot send data on the element with locator: user-name locatorType: id
09/15/2021 06:33:56 PM - SeleniumDriver - INFO: Element not found with locator: password and  locatorType: id
09/15/2021 06:33:56 PM - SeleniumDriver - INFO: Cannot send data on the element with locator: password locatorType: id
09/15/2021 06:34:06 PM - SeleniumDriver - INFO: Element not found with locator: login-button and  locatorType: id
09/15/2021 06:34:06 PM - SeleniumDriver - INFO: Cannot click on the element with locator: login-button locatorType: id
09/15/2021 06:34:06 PM - SeleniumDriver - INFO: Element found with locator: about_sidebar_link and  locatorType: id
09/15/2021 06:34:16 PM - SeleniumDriver - INFO: Cannot click on the element with locator: about_sidebar_link locatorType: id
09/15/2021 06:34:26 PM - SeleniumDriver - INFO: Element not found with locator: login-button and  locatorType: id
09/15/2021 06:34:26 PM - SeleniumDriver - INFO: Element not displayed with locator: login-button locatorType: id
09/15/2021 06:34:26 PM - TestStatus - ERROR: ### VERIFICATION FAILED :: + TC3 Completedtest_successful_logout
09/15/2021 06:34:26 PM - TestStatus - INFO: Screenshot save to directory: C:\Users\dell-laptop\workspace_python\saucedemo\base\../screenshots/TC3 Completedtest_successful_logout.1631711066346.png
09/15/2021 06:36:54 PM - SeleniumDriver - INFO: Element found with locator: user-name and  locatorType: id
09/15/2021 06:36:54 PM - SeleniumDriver - INFO: Sent data on element with locator: user-name locatorType: id
09/15/2021 06:36:54 PM - SeleniumDriver - INFO: Element found with locator: password and  locatorType: id
09/15/2021 06:36:55 PM - SeleniumDriver - INFO: Sent data on element with locator: password locatorType: id
09/15/2021 06:36:55 PM - SeleniumDriver - INFO: Element found with locator: login-button and  locatorType: id
09/15/2021 06:36:55 PM - SeleniumDriver - INFO: Clicked on element with locator: login-button locatorType: id
09/15/2021 06:36:55 PM - SeleniumDriver - INFO: Element found with locator: //span[@class='title' and (contains(text(),'Products'))] and  locatorType: xpath
09/15/2021 06:36:56 PM - SeleniumDriver - INFO: Element is displayed with locator: //span[@class='title' and (contains(text(),'Products'))] locatorType: xpath
09/15/2021 06:36:56 PM - TestStatus - ERROR: ### VERIFICATION FAILED :: + TC1 Completedtest_successful_login
09/15/2021 06:36:56 PM - TestStatus - INFO: Screenshot save to directory: C:\Users\dell-laptop\workspace_python\saucedemo\base\../screenshots/TC1 Completedtest_successful_login.1631711216076.png
09/15/2021 06:37:06 PM - SeleniumDriver - INFO: Element not found with locator: user-name and  locatorType: id
09/15/2021 06:37:06 PM - SeleniumDriver - INFO: Cannot send data on the element with locator: user-name locatorType: id
09/15/2021 06:37:16 PM - SeleniumDriver - INFO: Element not found with locator: password and  locatorType: id
09/15/2021 06:37:16 PM - SeleniumDriver - INFO: Cannot send data on the element with locator: password locatorType: id
09/15/2021 06:37:27 PM - SeleniumDriver - INFO: Element not found with locator: login-button and  locatorType: id
09/15/2021 06:37:27 PM - SeleniumDriver - INFO: Cannot click on the element with locator: login-button locatorType: id
09/15/2021 06:37:37 PM - SeleniumDriver - INFO: Element found with locator: Sauce Labs Backpack and  locatorType: partiallink
09/15/2021 06:37:37 PM - SeleniumDriver - INFO: Clicked on element with locator: Sauce Labs Backpack locatorType: partiallink
09/15/2021 06:37:47 PM - SeleniumDriver - INFO: Element found with locator: //button[contains(text(),'Add to cart')] and  locatorType: xpath
09/15/2021 06:37:47 PM - SeleniumDriver - INFO: Clicked on element with locator: //button[contains(text(),'Add to cart')] locatorType: xpath
09/15/2021 06:37:57 PM - SeleniumDriver - INFO: Element found with locator: shopping_cart_link and  locatorType: class
09/15/2021 06:37:57 PM - SeleniumDriver - INFO: Clicked on element with locator: shopping_cart_link locatorType: class
09/15/2021 06:38:07 PM - SeleniumDriver - INFO: Element found with locator: Sauce Labs Backpack and  locatorType: partiallink
09/15/2021 06:38:07 PM - SeleniumDriver - INFO: Element is displayed with locator: Sauce Labs Backpack locatorType: partiallink
09/15/2021 06:38:07 PM - SeleniumDriver - INFO: Element found with locator: Sauce Labs Backpack and  locatorType: partiallink
09/15/2021 06:38:07 PM - SeleniumDriver - INFO: Element is displayed with locator: Sauce Labs Backpack locatorType: partiallink
09/15/2021 06:38:07 PM - TestStatus - ERROR: ### VERIFICATION SUCCESSFUL :: + TC2 Completedtest_display_added_items
09/15/2021 06:38:17 PM - SeleniumDriver - INFO: Element not found with locator: user-name and  locatorType: id
09/15/2021 06:38:17 PM - SeleniumDriver - INFO: Cannot send data on the element with locator: user-name locatorType: id
09/15/2021 06:38:27 PM - SeleniumDriver - INFO: Element not found with locator: password and  locatorType: id
09/15/2021 06:38:27 PM - SeleniumDriver - INFO: Cannot send data on the element with locator: password locatorType: id
09/15/2021 06:38:37 PM - SeleniumDriver - INFO: Element not found with locator: login-button and  locatorType: id
09/15/2021 06:38:37 PM - SeleniumDriver - INFO: Cannot click on the element with locator: login-button locatorType: id
09/15/2021 06:38:37 PM - SeleniumDriver - INFO: Element found with locator: about_sidebar_link and  locatorType: id
09/15/2021 06:38:47 PM - SeleniumDriver - INFO: Cannot click on the element with locator: about_sidebar_link locatorType: id
09/15/2021 06:38:57 PM - SeleniumDriver - INFO: Element not found with locator: login-button and  locatorType: id
09/15/2021 06:38:57 PM - SeleniumDriver - INFO: Element not displayed with locator: login-button locatorType: id
09/15/2021 06:38:57 PM - TestStatus - ERROR: ### VERIFICATION FAILED :: + TC3 Completedtest_successful_logout
09/15/2021 06:38:58 PM - TestStatus - INFO: Screenshot save to directory: C:\Users\dell-laptop\workspace_python\saucedemo\base\../screenshots/TC3 Completedtest_successful_logout.1631711337909.png
09/15/2021 06:43:57 PM - SeleniumDriver - INFO: Element found with locator: user-name and  locatorType: id
09/15/2021 06:43:58 PM - SeleniumDriver - INFO: Sent data on element with locator: user-name locatorType: id
09/15/2021 06:43:58 PM - SeleniumDriver - INFO: Element found with locator: password and  locatorType: id
09/15/2021 06:43:58 PM - SeleniumDriver - INFO: Sent data on element with locator: password locatorType: id
09/15/2021 06:43:58 PM - SeleniumDriver - INFO: Element found with locator: login-button and  locatorType: id
09/15/2021 06:43:58 PM - SeleniumDriver - INFO: Clicked on element with locator: login-button locatorType: id
09/15/2021 06:44:08 PM - SeleniumDriver - INFO: Element not found with locator: user-name and  locatorType: id
09/15/2021 06:44:08 PM - SeleniumDriver - INFO: Cannot send data on the element with locator: user-name locatorType: id
09/15/2021 06:44:18 PM - SeleniumDriver - INFO: Element not found with locator: password and  locatorType: id
09/15/2021 06:44:18 PM - SeleniumDriver - INFO: Cannot send data on the element with locator: password locatorType: id
09/15/2021 06:44:28 PM - SeleniumDriver - INFO: Element not found with locator: login-button and  locatorType: id
09/15/2021 06:44:28 PM - SeleniumDriver - INFO: Cannot click on the element with locator: login-button locatorType: id
09/15/2021 06:44:38 PM - SeleniumDriver - INFO: Element found with locator: Sauce Labs Backpack and  locatorType: partiallink
09/15/2021 06:44:38 PM - SeleniumDriver - INFO: Clicked on element with locator: Sauce Labs Backpack locatorType: partiallink
09/15/2021 06:44:48 PM - SeleniumDriver - INFO: Element found with locator: //button[contains(text(),'Add to cart')] and  locatorType: xpath
09/15/2021 06:44:48 PM - SeleniumDriver - INFO: Clicked on element with locator: //button[contains(text(),'Add to cart')] locatorType: xpath
09/15/2021 06:44:59 PM - SeleniumDriver - INFO: Element found with locator: shopping_cart_link and  locatorType: class
09/15/2021 06:44:59 PM - SeleniumDriver - INFO: Clicked on element with locator: shopping_cart_link locatorType: class
09/15/2021 06:45:09 PM - SeleniumDriver - INFO: Element found with locator: Sauce Labs Backpack and  locatorType: partiallink
09/15/2021 06:45:09 PM - SeleniumDriver - INFO: Element is displayed with locator: Sauce Labs Backpack locatorType: partiallink
09/15/2021 06:45:09 PM - SeleniumDriver - INFO: Element found with locator: Sauce Labs Backpack and  locatorType: partiallink
09/15/2021 06:45:09 PM - SeleniumDriver - INFO: Element is displayed with locator: Sauce Labs Backpack locatorType: partiallink
09/15/2021 06:45:09 PM - TestStatus - ERROR: ### VERIFICATION SUCCESSFUL :: + TC2 Completedtest_display_added_items
09/15/2021 06:45:19 PM - SeleniumDriver - INFO: Element not found with locator: user-name and  locatorType: id
09/15/2021 06:45:19 PM - SeleniumDriver - INFO: Cannot send data on the element with locator: user-name locatorType: id
09/15/2021 06:45:29 PM - SeleniumDriver - INFO: Element not found with locator: password and  locatorType: id
09/15/2021 06:45:29 PM - SeleniumDriver - INFO: Cannot send data on the element with locator: password locatorType: id
09/15/2021 06:45:39 PM - SeleniumDriver - INFO: Element not found with locator: login-button and  locatorType: id
09/15/2021 06:45:39 PM - SeleniumDriver - INFO: Cannot click on the element with locator: login-button locatorType: id
09/15/2021 06:45:39 PM - SeleniumDriver - INFO: Element found with locator: about_sidebar_link and  locatorType: id
09/15/2021 06:45:49 PM - SeleniumDriver - INFO: Cannot click on the element with locator: about_sidebar_link locatorType: id
09/15/2021 06:45:59 PM - SeleniumDriver - INFO: Element not found with locator: login-button and  locatorType: id
09/15/2021 06:45:59 PM - SeleniumDriver - INFO: Element not displayed with locator: login-button locatorType: id
09/15/2021 06:45:59 PM - TestStatus - ERROR: ### VERIFICATION FAILED :: + TC3 Completedtest_successful_logout
09/15/2021 06:45:59 PM - TestStatus - INFO: Screenshot save to directory: C:\Users\dell-laptop\workspace_python\saucedemo\base\../screenshots/TC3 Completedtest_successful_logout.1631711759675.png
09/15/2021 06:51:01 PM - SeleniumDriver - INFO: Element found with locator: user-name and  locatorType: id
09/15/2021 06:51:01 PM - SeleniumDriver - INFO: Sent data on element with locator: user-name locatorType: id
09/15/2021 06:51:01 PM - SeleniumDriver - INFO: Element found with locator: password and  locatorType: id
09/15/2021 06:51:01 PM - SeleniumDriver - INFO: Sent data on element with locator: password locatorType: id
09/15/2021 06:51:02 PM - SeleniumDriver - INFO: Element found with locator: login-button and  locatorType: id
09/15/2021 06:51:02 PM - SeleniumDriver - INFO: Clicked on element with locator: login-button locatorType: id
09/15/2021 06:51:12 PM - SeleniumDriver - INFO: Element not found with locator: user-name and  locatorType: id
09/15/2021 06:51:12 PM - SeleniumDriver - INFO: Cannot send data on the element with locator: user-name locatorType: id
09/15/2021 06:51:22 PM - SeleniumDriver - INFO: Element not found with locator: password and  locatorType: id
09/15/2021 06:51:22 PM - SeleniumDriver - INFO: Cannot send data on the element with locator: password locatorType: id
09/15/2021 06:51:32 PM - SeleniumDriver - INFO: Element not found with locator: login-button and  locatorType: id
09/15/2021 06:51:32 PM - SeleniumDriver - INFO: Cannot click on the element with locator: login-button locatorType: id
09/15/2021 06:51:42 PM - SeleniumDriver - INFO: Element found with locator: Sauce Labs Backpack and  locatorType: partiallink
09/15/2021 06:51:42 PM - SeleniumDriver - INFO: Clicked on element with locator: Sauce Labs Backpack locatorType: partiallink
09/15/2021 06:51:52 PM - SeleniumDriver - INFO: Element found with locator: //button[contains(text(),'Add to cart')] and  locatorType: xpath
09/15/2021 06:51:52 PM - SeleniumDriver - INFO: Clicked on element with locator: //button[contains(text(),'Add to cart')] locatorType: xpath
09/15/2021 06:52:03 PM - SeleniumDriver - INFO: Element found with locator: shopping_cart_link and  locatorType: class
09/15/2021 06:52:03 PM - SeleniumDriver - INFO: Clicked on element with locator: shopping_cart_link locatorType: class
09/15/2021 06:52:13 PM - SeleniumDriver - INFO: Element found with locator: Sauce Labs Backpack and  locatorType: partiallink
09/15/2021 06:52:13 PM - SeleniumDriver - INFO: Element is displayed with locator: Sauce Labs Backpack locatorType: partiallink
09/15/2021 06:52:13 PM - SeleniumDriver - INFO: Element found with locator: Sauce Labs Backpack and  locatorType: partiallink
09/15/2021 06:52:13 PM - SeleniumDriver - INFO: Element is displayed with locator: Sauce Labs Backpack locatorType: partiallink
09/15/2021 07:02:41 PM - SeleniumDriver - INFO: Element found with locator: user-name and  locatorType: id
09/15/2021 07:02:42 PM - SeleniumDriver - INFO: Sent data on element with locator: user-name locatorType: id
09/15/2021 07:02:42 PM - SeleniumDriver - INFO: Element found with locator: password and  locatorType: id
09/15/2021 07:02:42 PM - SeleniumDriver - INFO: Sent data on element with locator: password locatorType: id
09/15/2021 07:02:42 PM - SeleniumDriver - INFO: Element found with locator: login-button and  locatorType: id
09/15/2021 07:02:42 PM - SeleniumDriver - INFO: Clicked on element with locator: login-button locatorType: id
09/15/2021 07:02:43 PM - SeleniumDriver - INFO: Element found with locator: //span[@class='title' and (contains(text(),'Products'))] and  locatorType: xpath
09/15/2021 07:02:43 PM - SeleniumDriver - INFO: Element is displayed with locator: //span[@class='title' and (contains(text(),'Products'))] locatorType: xpath
09/15/2021 07:02:53 PM - SeleniumDriver - INFO: Element not found with locator: user-name and  locatorType: id
09/15/2021 07:02:53 PM - SeleniumDriver - INFO: Cannot send data on the element with locator: user-name locatorType: id
09/15/2021 07:03:03 PM - SeleniumDriver - INFO: Element not found with locator: password and  locatorType: id
09/15/2021 07:03:03 PM - SeleniumDriver - INFO: Cannot send data on the element with locator: password locatorType: id
09/15/2021 07:03:13 PM - SeleniumDriver - INFO: Element not found with locator: login-button and  locatorType: id
09/15/2021 07:03:13 PM - SeleniumDriver - INFO: Cannot click on the element with locator: login-button locatorType: id
09/15/2021 07:03:23 PM - SeleniumDriver - INFO: Element found with locator: Sauce Labs Backpack and  locatorType: partiallink
09/15/2021 07:03:23 PM - SeleniumDriver - INFO: Clicked on element with locator: Sauce Labs Backpack locatorType: partiallink
09/15/2021 07:03:33 PM - SeleniumDriver - INFO: Element found with locator: //button[contains(text(),'Add to cart')] and  locatorType: xpath
09/15/2021 07:03:33 PM - SeleniumDriver - INFO: Clicked on element with locator: //button[contains(text(),'Add to cart')] locatorType: xpath
09/15/2021 07:03:43 PM - SeleniumDriver - INFO: Element found with locator: shopping_cart_link and  locatorType: class
09/15/2021 07:03:43 PM - SeleniumDriver - INFO: Clicked on element with locator: shopping_cart_link locatorType: class
09/15/2021 07:03:53 PM - SeleniumDriver - INFO: Element found with locator: Sauce Labs Backpack and  locatorType: partiallink
09/15/2021 07:03:53 PM - SeleniumDriver - INFO: Element is displayed with locator: Sauce Labs Backpack locatorType: partiallink
09/15/2021 07:03:53 PM - SeleniumDriver - INFO: Element found with locator: Sauce Labs Backpack and  locatorType: partiallink
09/15/2021 07:03:53 PM - SeleniumDriver - INFO: Element is displayed with locator: Sauce Labs Backpack locatorType: partiallink
09/15/2021 07:04:04 PM - SeleniumDriver - INFO: Element not found with locator: user-name and  locatorType: id
09/15/2021 07:04:04 PM - SeleniumDriver - INFO: Cannot send data on the element with locator: user-name locatorType: id
09/15/2021 07:04:14 PM - SeleniumDriver - INFO: Element not found with locator: password and  locatorType: id
09/15/2021 07:04:14 PM - SeleniumDriver - INFO: Cannot send data on the element with locator: password locatorType: id
09/15/2021 07:04:24 PM - SeleniumDriver - INFO: Element not found with locator: login-button and  locatorType: id
09/15/2021 07:04:24 PM - SeleniumDriver - INFO: Cannot click on the element with locator: login-button locatorType: id
09/15/2021 07:04:24 PM - SeleniumDriver - INFO: Element found with locator: about_sidebar_link and  locatorType: id
09/15/2021 07:04:34 PM - SeleniumDriver - INFO: Cannot click on the element with locator: about_sidebar_link locatorType: id
09/15/2021 07:04:44 PM - SeleniumDriver - INFO: Element not found with locator: login-button and  locatorType: id
09/15/2021 07:04:44 PM - SeleniumDriver - INFO: Element not displayed with locator: login-button locatorType: id
09/15/2021 07:07:25 PM - SeleniumDriver - INFO: Element found with locator: user-name and  locatorType: id
09/15/2021 07:07:25 PM - SeleniumDriver - INFO: Sent data on element with locator: user-name locatorType: id
09/15/2021 07:07:25 PM - SeleniumDriver - INFO: Element found with locator: password and  locatorType: id
09/15/2021 07:07:25 PM - SeleniumDriver - INFO: Sent data on element with locator: password locatorType: id
09/15/2021 07:07:25 PM - SeleniumDriver - INFO: Element found with locator: login-button and  locatorType: id
09/15/2021 07:07:25 PM - SeleniumDriver - INFO: Clicked on element with locator: login-button locatorType: id
09/15/2021 07:07:25 PM - SeleniumDriver - INFO: Element found with locator: //span[@class='title' and (contains(text(),'Products'))] and  locatorType: xpath
09/15/2021 07:07:25 PM - SeleniumDriver - INFO: Element is displayed with locator: //span[@class='title' and (contains(text(),'Products'))] locatorType: xpath
09/15/2021 07:07:36 PM - SeleniumDriver - INFO: Element not found with locator: user-name and  locatorType: id
09/15/2021 07:07:36 PM - SeleniumDriver - INFO: Cannot send data on the element with locator: user-name locatorType: id
09/15/2021 07:07:46 PM - SeleniumDriver - INFO: Element not found with locator: password and  locatorType: id
09/15/2021 07:07:46 PM - SeleniumDriver - INFO: Cannot send data on the element with locator: password locatorType: id
09/15/2021 07:07:56 PM - SeleniumDriver - INFO: Element not found with locator: login-button and  locatorType: id
09/15/2021 07:07:56 PM - SeleniumDriver - INFO: Cannot click on the element with locator: login-button locatorType: id
09/15/2021 07:08:06 PM - SeleniumDriver - INFO: Element found with locator: Sauce Labs Backpack and  locatorType: partiallink
09/15/2021 07:08:06 PM - SeleniumDriver - INFO: Clicked on element with locator: Sauce Labs Backpack locatorType: partiallink
09/15/2021 07:08:16 PM - SeleniumDriver - INFO: Element found with locator: //button[contains(text(),'Add to cart')] and  locatorType: xpath
09/15/2021 07:08:16 PM - SeleniumDriver - INFO: Clicked on element with locator: //button[contains(text(),'Add to cart')] locatorType: xpath
09/15/2021 07:08:26 PM - SeleniumDriver - INFO: Element found with locator: shopping_cart_link and  locatorType: class
09/15/2021 07:08:26 PM - SeleniumDriver - INFO: Clicked on element with locator: shopping_cart_link locatorType: class
09/15/2021 07:08:36 PM - SeleniumDriver - INFO: Element found with locator: Sauce Labs Backpack and  locatorType: partiallink
09/15/2021 07:08:37 PM - SeleniumDriver - INFO: Element is displayed with locator: Sauce Labs Backpack locatorType: partiallink
09/15/2021 07:08:37 PM - SeleniumDriver - INFO: Element found with locator: Sauce Labs Backpack and  locatorType: partiallink
09/15/2021 07:08:37 PM - SeleniumDriver - INFO: Element is displayed with locator: Sauce Labs Backpack locatorType: partiallink
09/15/2021 07:08:47 PM - SeleniumDriver - INFO: Element not found with locator: user-name and  locatorType: id
09/15/2021 07:08:47 PM - SeleniumDriver - INFO: Cannot send data on the element with locator: user-name locatorType: id
09/15/2021 07:08:57 PM - SeleniumDriver - INFO: Element not found with locator: password and  locatorType: id
09/15/2021 07:08:57 PM - SeleniumDriver - INFO: Cannot send data on the element with locator: password locatorType: id
09/15/2021 07:09:07 PM - SeleniumDriver - INFO: Element not found with locator: login-button and  locatorType: id
09/15/2021 07:09:07 PM - SeleniumDriver - INFO: Cannot click on the element with locator: login-button locatorType: id
09/15/2021 07:09:07 PM - SeleniumDriver - INFO: Element found with locator: about_sidebar_link and  locatorType: id
09/15/2021 07:09:17 PM - SeleniumDriver - INFO: Cannot click on the element with locator: about_sidebar_link locatorType: id
09/15/2021 07:09:33 PM - SeleniumDriver - INFO: Element not found with locator: login-button and  locatorType: id
09/15/2021 07:09:33 PM - SeleniumDriver - INFO: Element not displayed with locator: login-button locatorType: id
09/15/2021 07:12:39 PM - SeleniumDriver - INFO: Element found with locator: user-name and  locatorType: id
09/15/2021 07:12:39 PM - SeleniumDriver - INFO: Sent data on element with locator: user-name locatorType: id
09/15/2021 07:12:39 PM - SeleniumDriver - INFO: Element found with locator: password and  locatorType: id
09/15/2021 07:12:40 PM - SeleniumDriver - INFO: Sent data on element with locator: password locatorType: id
09/15/2021 07:12:40 PM - SeleniumDriver - INFO: Element found with locator: login-button and  locatorType: id
09/15/2021 07:12:41 PM - SeleniumDriver - INFO: Clicked on element with locator: login-button locatorType: id
09/15/2021 07:12:41 PM - SeleniumDriver - INFO: Element found with locator: //span[@class='title' and (contains(text(),'Products'))] and  locatorType: xpath
09/15/2021 07:12:41 PM - SeleniumDriver - INFO: Element is displayed with locator: //span[@class='title' and (contains(text(),'Products'))] locatorType: xpath
09/15/2021 07:12:51 PM - SeleniumDriver - INFO: Element not found with locator: user-name and  locatorType: id
09/15/2021 07:12:51 PM - SeleniumDriver - INFO: Cannot send data on the element with locator: user-name locatorType: id
09/15/2021 07:13:01 PM - SeleniumDriver - INFO: Element not found with locator: password and  locatorType: id
09/15/2021 07:13:01 PM - SeleniumDriver - INFO: Cannot send data on the element with locator: password locatorType: id
09/15/2021 07:13:11 PM - SeleniumDriver - INFO: Element not found with locator: login-button and  locatorType: id
09/15/2021 07:13:11 PM - SeleniumDriver - INFO: Cannot click on the element with locator: login-button locatorType: id
09/15/2021 07:13:17 PM - SeleniumDriver - INFO: Element found with locator: Sauce Labs Backpack and  locatorType: partiallink
09/15/2021 07:13:17 PM - SeleniumDriver - INFO: Clicked on element with locator: Sauce Labs Backpack locatorType: partiallink
09/15/2021 07:13:22 PM - SeleniumDriver - INFO: Element found with locator: //button[contains(text(),'Add to cart')] and  locatorType: xpath
09/15/2021 07:13:22 PM - SeleniumDriver - INFO: Clicked on element with locator: //button[contains(text(),'Add to cart')] locatorType: xpath
09/15/2021 07:13:27 PM - SeleniumDriver - INFO: Element found with locator: shopping_cart_link and  locatorType: class
09/15/2021 07:13:27 PM - SeleniumDriver - INFO: Clicked on element with locator: shopping_cart_link locatorType: class
09/15/2021 07:13:32 PM - SeleniumDriver - INFO: Element found with locator: Sauce Labs Backpack and  locatorType: partiallink
09/15/2021 07:13:32 PM - SeleniumDriver - INFO: Element is displayed with locator: Sauce Labs Backpack locatorType: partiallink
09/15/2021 07:13:32 PM - SeleniumDriver - INFO: Element found with locator: Sauce Labs Backpack and  locatorType: partiallink
09/15/2021 07:13:32 PM - SeleniumDriver - INFO: Element is displayed with locator: Sauce Labs Backpack locatorType: partiallink
09/15/2021 07:13:42 PM - SeleniumDriver - INFO: Element not found with locator: user-name and  locatorType: id
09/15/2021 07:13:42 PM - SeleniumDriver - INFO: Cannot send data on the element with locator: user-name locatorType: id
09/15/2021 07:13:52 PM - SeleniumDriver - INFO: Element not found with locator: password and  locatorType: id
09/15/2021 07:13:52 PM - SeleniumDriver - INFO: Cannot send data on the element with locator: password locatorType: id
09/15/2021 07:14:02 PM - SeleniumDriver - INFO: Element not found with locator: login-button and  locatorType: id
09/15/2021 07:14:02 PM - SeleniumDriver - INFO: Cannot click on the element with locator: login-button locatorType: id
09/15/2021 07:14:02 PM - SeleniumDriver - INFO: Element found with locator: about_sidebar_link and  locatorType: id
09/15/2021 07:14:12 PM - SeleniumDriver - INFO: Cannot click on the element with locator: about_sidebar_link locatorType: id
09/15/2021 07:14:27 PM - SeleniumDriver - INFO: Element not found with locator: login-button and  locatorType: id
09/15/2021 07:14:27 PM - SeleniumDriver - INFO: Element not displayed with locator: login-button locatorType: id
09/15/2021 07:17:49 PM - SeleniumDriver - INFO: Element found with locator: user-name and  locatorType: id
09/15/2021 07:17:49 PM - SeleniumDriver - INFO: Sent data on element with locator: user-name locatorType: id
09/15/2021 07:17:49 PM - SeleniumDriver - INFO: Element found with locator: password and  locatorType: id
09/15/2021 07:17:50 PM - SeleniumDriver - INFO: Sent data on element with locator: password locatorType: id
09/15/2021 07:17:50 PM - SeleniumDriver - INFO: Element found with locator: login-button and  locatorType: id
09/15/2021 07:17:50 PM - SeleniumDriver - INFO: Clicked on element with locator: login-button locatorType: id
09/15/2021 07:17:51 PM - SeleniumDriver - INFO: Element found with locator: about_sidebar_link and  locatorType: id
09/15/2021 07:18:01 PM - SeleniumDriver - INFO: Cannot click on the element with locator: about_sidebar_link locatorType: id
09/15/2021 07:18:01 PM - SeleniumDriver - INFO: Element found with locator: about_sidebar_link and  locatorType: id
09/15/2021 07:18:11 PM - SeleniumDriver - INFO: Cannot click on the element with locator: about_sidebar_link locatorType: id
09/15/2021 07:18:22 PM - SeleniumDriver - INFO: Element not found with locator: user-name and  locatorType: id
09/15/2021 07:18:22 PM - SeleniumDriver - INFO: Cannot send data on the element with locator: user-name locatorType: id
09/15/2021 07:18:32 PM - SeleniumDriver - INFO: Element not found with locator: password and  locatorType: id
09/15/2021 07:18:32 PM - SeleniumDriver - INFO: Cannot send data on the element with locator: password locatorType: id
09/15/2021 07:18:42 PM - SeleniumDriver - INFO: Element not found with locator: login-button and  locatorType: id
09/15/2021 07:18:42 PM - SeleniumDriver - INFO: Cannot click on the element with locator: login-button locatorType: id
09/15/2021 07:21:09 PM - SeleniumDriver - INFO: Element found with locator: user-name and  locatorType: id
09/15/2021 07:21:09 PM - SeleniumDriver - INFO: Sent data on element with locator: user-name locatorType: id
09/15/2021 07:21:09 PM - SeleniumDriver - INFO: Element found with locator: password and  locatorType: id
09/15/2021 07:21:10 PM - SeleniumDriver - INFO: Sent data on element with locator: password locatorType: id
09/15/2021 07:21:10 PM - SeleniumDriver - INFO: Element found with locator: login-button and  locatorType: id
09/15/2021 07:21:10 PM - SeleniumDriver - INFO: Clicked on element with locator: login-button locatorType: id
09/15/2021 07:21:15 PM - SeleniumDriver - INFO: Element found with locator: //span[@class='title' and (contains(text(),'Products'))] and  locatorType: xpath
09/15/2021 07:21:15 PM - SeleniumDriver - INFO: Element is displayed with locator: //span[@class='title' and (contains(text(),'Products'))] locatorType: xpath
09/15/2021 07:21:15 PM - SeleniumDriver - INFO: Element found with locator: about_sidebar_link and  locatorType: id
09/15/2021 07:21:25 PM - SeleniumDriver - INFO: Cannot click on the element with locator: about_sidebar_link locatorType: id
09/15/2021 07:21:40 PM - SeleniumDriver - INFO: Element not found with locator: user-name and  locatorType: id
09/15/2021 07:21:40 PM - SeleniumDriver - INFO: Cannot send data on the element with locator: user-name locatorType: id
09/15/2021 07:21:50 PM - SeleniumDriver - INFO: Element not found with locator: password and  locatorType: id
09/15/2021 07:21:50 PM - SeleniumDriver - INFO: Cannot send data on the element with locator: password locatorType: id
09/15/2021 07:22:00 PM - SeleniumDriver - INFO: Element not found with locator: login-button and  locatorType: id
09/15/2021 07:22:00 PM - SeleniumDriver - INFO: Cannot click on the element with locator: login-button locatorType: id
09/15/2021 07:22:10 PM - SeleniumDriver - INFO: Element found with locator: Sauce Labs Backpack and  locatorType: partiallink
09/15/2021 07:22:10 PM - SeleniumDriver - INFO: Clicked on element with locator: Sauce Labs Backpack locatorType: partiallink
09/15/2021 07:22:15 PM - SeleniumDriver - INFO: Element found with locator: //button[contains(text(),'Add to cart')] and  locatorType: xpath
09/15/2021 07:22:15 PM - SeleniumDriver - INFO: Clicked on element with locator: //button[contains(text(),'Add to cart')] locatorType: xpath
09/15/2021 07:22:20 PM - SeleniumDriver - INFO: Element found with locator: shopping_cart_link and  locatorType: class
09/15/2021 07:22:21 PM - SeleniumDriver - INFO: Clicked on element with locator: shopping_cart_link locatorType: class
09/15/2021 07:22:26 PM - SeleniumDriver - INFO: Element found with locator: Sauce Labs Backpack and  locatorType: partiallink
09/15/2021 07:22:26 PM - SeleniumDriver - INFO: Element is displayed with locator: Sauce Labs Backpack locatorType: partiallink
09/15/2021 07:22:26 PM - SeleniumDriver - INFO: Element found with locator: Sauce Labs Backpack and  locatorType: partiallink
09/15/2021 07:22:26 PM - SeleniumDriver - INFO: Element is displayed with locator: Sauce Labs Backpack locatorType: partiallink
09/15/2021 07:22:26 PM - SeleniumDriver - INFO: Element found with locator: about_sidebar_link and  locatorType: id
09/15/2021 07:22:36 PM - SeleniumDriver - INFO: Cannot click on the element with locator: about_sidebar_link locatorType: id
09/15/2021 07:22:46 PM - SeleniumDriver - INFO: Element not found with locator: user-name and  locatorType: id
09/15/2021 07:22:46 PM - SeleniumDriver - INFO: Cannot send data on the element with locator: user-name locatorType: id
09/15/2021 07:22:56 PM - SeleniumDriver - INFO: Element not found with locator: password and  locatorType: id
09/15/2021 07:22:56 PM - SeleniumDriver - INFO: Cannot send data on the element with locator: password locatorType: id
09/15/2021 07:23:06 PM - SeleniumDriver - INFO: Element not found with locator: login-button and  locatorType: id
09/15/2021 07:23:06 PM - SeleniumDriver - INFO: Cannot click on the element with locator: login-button locatorType: id
09/15/2021 07:23:11 PM - SeleniumDriver - INFO: Element found with locator: about_sidebar_link and  locatorType: id
09/15/2021 07:23:21 PM - SeleniumDriver - INFO: Cannot click on the element with locator: about_sidebar_link locatorType: id
09/15/2021 07:23:36 PM - SeleniumDriver - INFO: Element not found with locator: login-button and  locatorType: id
09/15/2021 07:23:36 PM - SeleniumDriver - INFO: Element not displayed with locator: login-button locatorType: id
09/15/2021 07:24:45 PM - SeleniumDriver - INFO: Element found with locator: user-name and  locatorType: id
09/15/2021 07:24:45 PM - SeleniumDriver - INFO: Sent data on element with locator: user-name locatorType: id
09/15/2021 07:24:45 PM - SeleniumDriver - INFO: Element found with locator: password and  locatorType: id
09/15/2021 07:24:45 PM - SeleniumDriver - INFO: Sent data on element with locator: password locatorType: id
09/15/2021 07:24:45 PM - SeleniumDriver - INFO: Element found with locator: login-button and  locatorType: id
09/15/2021 07:24:46 PM - SeleniumDriver - INFO: Clicked on element with locator: login-button locatorType: id
09/15/2021 07:24:51 PM - SeleniumDriver - INFO: Element found with locator: //span[@class='title' and (contains(text(),'Products'))] and  locatorType: xpath
09/15/2021 07:24:51 PM - SeleniumDriver - INFO: Element is displayed with locator: //span[@class='title' and (contains(text(),'Products'))] locatorType: xpath
09/15/2021 07:24:51 PM - TestStatus - ERROR: ### VERIFICATION FAILED :: + TC1 Completedtest_successful_login
09/15/2021 07:24:51 PM - TestStatus - INFO: Screenshot save to directory: C:\Users\dell-laptop\workspace_python\saucedemo\base\../screenshots/TC1 Completedtest_successful_login.1631714091180.png
09/15/2021 07:25:01 PM - SeleniumDriver - INFO: Element not found with locator: user-name and  locatorType: id
09/15/2021 07:25:01 PM - SeleniumDriver - INFO: Cannot send data on the element with locator: user-name locatorType: id
09/15/2021 07:25:12 PM - SeleniumDriver - INFO: Element not found with locator: password and  locatorType: id
09/15/2021 07:25:12 PM - SeleniumDriver - INFO: Cannot send data on the element with locator: password locatorType: id
09/15/2021 07:25:22 PM - SeleniumDriver - INFO: Element not found with locator: login-button and  locatorType: id
09/15/2021 07:25:22 PM - SeleniumDriver - INFO: Cannot click on the element with locator: login-button locatorType: id
09/15/2021 07:25:32 PM - SeleniumDriver - INFO: Element found with locator: Sauce Labs Backpack and  locatorType: partiallink
09/15/2021 07:25:32 PM - SeleniumDriver - INFO: Clicked on element with locator: Sauce Labs Backpack locatorType: partiallink
09/15/2021 07:25:37 PM - SeleniumDriver - INFO: Element found with locator: //button[contains(text(),'Add to cart')] and  locatorType: xpath
09/15/2021 07:25:37 PM - SeleniumDriver - INFO: Clicked on element with locator: //button[contains(text(),'Add to cart')] locatorType: xpath
09/15/2021 07:25:42 PM - SeleniumDriver - INFO: Element found with locator: shopping_cart_link and  locatorType: class
09/15/2021 07:25:42 PM - SeleniumDriver - INFO: Clicked on element with locator: shopping_cart_link locatorType: class
09/15/2021 07:25:47 PM - SeleniumDriver - INFO: Element found with locator: Sauce Labs Backpack and  locatorType: partiallink
09/15/2021 07:25:47 PM - SeleniumDriver - INFO: Element is displayed with locator: Sauce Labs Backpack locatorType: partiallink
09/15/2021 07:25:47 PM - SeleniumDriver - INFO: Element found with locator: Sauce Labs Backpack and  locatorType: partiallink
09/15/2021 07:25:47 PM - SeleniumDriver - INFO: Element is displayed with locator: Sauce Labs Backpack locatorType: partiallink
09/15/2021 07:25:47 PM - TestStatus - ERROR: ### VERIFICATION SUCCESSFUL :: + TC2 Completedtest_display_added_items
09/15/2021 07:25:57 PM - SeleniumDriver - INFO: Element not found with locator: user-name and  locatorType: id
09/15/2021 07:25:57 PM - SeleniumDriver - INFO: Cannot send data on the element with locator: user-name locatorType: id
09/15/2021 07:26:07 PM - SeleniumDriver - INFO: Element not found with locator: password and  locatorType: id
09/15/2021 07:26:07 PM - SeleniumDriver - INFO: Cannot send data on the element with locator: password locatorType: id
09/15/2021 07:26:17 PM - SeleniumDriver - INFO: Element not found with locator: login-button and  locatorType: id
09/15/2021 07:26:17 PM - SeleniumDriver - INFO: Cannot click on the element with locator: login-button locatorType: id
09/15/2021 07:26:22 PM - SeleniumDriver - INFO: Element found with locator: about_sidebar_link and  locatorType: id
09/15/2021 07:26:32 PM - SeleniumDriver - INFO: Cannot click on the element with locator: about_sidebar_link locatorType: id
09/15/2021 07:26:42 PM - SeleniumDriver - INFO: Element not found with locator: //span[@class='title' and (contains(text(),'Products'))] and  locatorType: xpath
09/15/2021 07:26:42 PM - SeleniumDriver - INFO: Element not displayed with locator: //span[@class='title' and (contains(text(),'Products'))] locatorType: xpath
09/15/2021 07:26:42 PM - TestStatus - ERROR: ### VERIFICATION FAILED :: + TC3 Completedtest_successful_login
09/15/2021 07:26:43 PM - TestStatus - INFO: Screenshot save to directory: C:\Users\dell-laptop\workspace_python\saucedemo\base\../screenshots/TC3 Completedtest_successful_login.1631714202896.png
09/15/2021 07:27:30 PM - SeleniumDriver - INFO: Element found with locator: user-name and  locatorType: id
09/15/2021 07:27:30 PM - SeleniumDriver - INFO: Sent data on element with locator: user-name locatorType: id
09/15/2021 07:27:30 PM - SeleniumDriver - INFO: Element found with locator: password and  locatorType: id
09/15/2021 07:27:32 PM - SeleniumDriver - INFO: Sent data on element with locator: password locatorType: id
09/15/2021 07:27:32 PM - SeleniumDriver - INFO: Element found with locator: login-button and  locatorType: id
09/15/2021 07:27:33 PM - SeleniumDriver - INFO: Clicked on element with locator: login-button locatorType: id
09/15/2021 07:27:38 PM - SeleniumDriver - INFO: Element found with locator: //span[@class='title' and (contains(text(),'Products'))] and  locatorType: xpath
09/15/2021 07:27:38 PM - SeleniumDriver - INFO: Element is displayed with locator: //span[@class='title' and (contains(text(),'Products'))] locatorType: xpath
09/15/2021 07:27:38 PM - TestStatus - ERROR: ### VERIFICATION FAILED :: + TC1 Completedtest_successful_login
09/15/2021 07:27:40 PM - TestStatus - INFO: Screenshot save to directory: C:\Users\dell-laptop\workspace_python\saucedemo\base\../screenshots/TC1 Completedtest_successful_login.1631714258435.png
09/15/2021 07:27:50 PM - SeleniumDriver - INFO: Element not found with locator: user-name and  locatorType: id
09/15/2021 07:27:50 PM - SeleniumDriver - INFO: Cannot send data on the element with locator: user-name locatorType: id
09/15/2021 07:28:00 PM - SeleniumDriver - INFO: Element not found with locator: password and  locatorType: id
09/15/2021 07:28:00 PM - SeleniumDriver - INFO: Cannot send data on the element with locator: password locatorType: id
09/15/2021 07:28:10 PM - SeleniumDriver - INFO: Element not found with locator: login-button and  locatorType: id
09/15/2021 07:28:10 PM - SeleniumDriver - INFO: Cannot click on the element with locator: login-button locatorType: id
09/15/2021 07:28:20 PM - SeleniumDriver - INFO: Element found with locator: Sauce Labs Backpack and  locatorType: partiallink
09/15/2021 07:28:20 PM - SeleniumDriver - INFO: Clicked on element with locator: Sauce Labs Backpack locatorType: partiallink
09/15/2021 07:28:25 PM - SeleniumDriver - INFO: Element found with locator: //button[contains(text(),'Add to cart')] and  locatorType: xpath
09/15/2021 07:28:25 PM - SeleniumDriver - INFO: Clicked on element with locator: //button[contains(text(),'Add to cart')] locatorType: xpath
09/15/2021 07:28:30 PM - SeleniumDriver - INFO: Element found with locator: shopping_cart_link and  locatorType: class
09/15/2021 07:28:30 PM - SeleniumDriver - INFO: Clicked on element with locator: shopping_cart_link locatorType: class
09/15/2021 07:28:35 PM - SeleniumDriver - INFO: Element found with locator: Sauce Labs Backpack and  locatorType: partiallink
09/15/2021 07:28:36 PM - SeleniumDriver - INFO: Element is displayed with locator: Sauce Labs Backpack locatorType: partiallink
09/15/2021 07:28:36 PM - SeleniumDriver - INFO: Element found with locator: Sauce Labs Backpack and  locatorType: partiallink
09/15/2021 07:28:36 PM - SeleniumDriver - INFO: Element is displayed with locator: Sauce Labs Backpack locatorType: partiallink
09/15/2021 07:28:36 PM - TestStatus - ERROR: ### VERIFICATION SUCCESSFUL :: + TC2 Completedtest_display_added_items
09/15/2021 07:28:46 PM - SeleniumDriver - INFO: Element not found with locator: user-name and  locatorType: id
09/15/2021 07:28:46 PM - SeleniumDriver - INFO: Cannot send data on the element with locator: user-name locatorType: id
09/15/2021 07:28:56 PM - SeleniumDriver - INFO: Element not found with locator: password and  locatorType: id
09/15/2021 07:28:56 PM - SeleniumDriver - INFO: Cannot send data on the element with locator: password locatorType: id
09/15/2021 07:29:06 PM - SeleniumDriver - INFO: Element not found with locator: login-button and  locatorType: id
09/15/2021 07:29:06 PM - SeleniumDriver - INFO: Cannot click on the element with locator: login-button locatorType: id
09/15/2021 07:29:11 PM - SeleniumDriver - INFO: Element found with locator: about_sidebar_link and  locatorType: id
09/15/2021 07:29:21 PM - SeleniumDriver - INFO: Cannot click on the element with locator: about_sidebar_link locatorType: id
09/15/2021 07:29:31 PM - SeleniumDriver - INFO: Element not found with locator: //span[@class='title' and (contains(text(),'Products'))] and  locatorType: xpath
09/15/2021 07:29:31 PM - SeleniumDriver - INFO: Element not displayed with locator: //span[@class='title' and (contains(text(),'Products'))] locatorType: xpath
09/15/2021 07:29:31 PM - TestStatus - ERROR: ### VERIFICATION FAILED :: + TC3 Completedtest_successful_login
09/15/2021 07:29:31 PM - TestStatus - INFO: Screenshot save to directory: C:\Users\dell-laptop\workspace_python\saucedemo\base\../screenshots/TC3 Completedtest_successful_login.1631714371624.png
09/15/2021 07:31:07 PM - SeleniumDriver - INFO: Element found with locator: user-name and  locatorType: id
09/15/2021 07:31:07 PM - SeleniumDriver - INFO: Sent data on element with locator: user-name locatorType: id
09/15/2021 07:31:07 PM - SeleniumDriver - INFO: Element found with locator: password and  locatorType: id
09/15/2021 07:31:08 PM - SeleniumDriver - INFO: Sent data on element with locator: password locatorType: id
09/15/2021 07:31:08 PM - SeleniumDriver - INFO: Element found with locator: login-button and  locatorType: id
09/15/2021 07:31:08 PM - SeleniumDriver - INFO: Clicked on element with locator: login-button locatorType: id
09/15/2021 07:31:13 PM - SeleniumDriver - INFO: Element found with locator: //span[@class='title' and (contains(text(),'Products'))] and  locatorType: xpath
09/15/2021 07:31:13 PM - SeleniumDriver - INFO: Element is displayed with locator: //span[@class='title' and (contains(text(),'Products'))] locatorType: xpath
09/15/2021 07:31:13 PM - TestStatus - ERROR: ### VERIFICATION FAILED :: + TC1 Completedtest_successful_login
09/15/2021 07:31:14 PM - TestStatus - INFO: Screenshot save to directory: C:\Users\dell-laptop\workspace_python\saucedemo\base\../screenshots/TC1 Completedtest_successful_login.1631714473649.png
09/15/2021 07:31:14 PM - SeleniumDriver - INFO: Element found with locator: about_sidebar_link and  locatorType: id
09/15/2021 07:31:24 PM - SeleniumDriver - INFO: Cannot click on the element with locator: about_sidebar_link locatorType: id
09/15/2021 07:31:34 PM - SeleniumDriver - INFO: Element not found with locator: user-name and  locatorType: id
09/15/2021 07:31:34 PM - SeleniumDriver - INFO: Cannot send data on the element with locator: user-name locatorType: id
09/15/2021 07:31:44 PM - SeleniumDriver - INFO: Element not found with locator: password and  locatorType: id
09/15/2021 07:31:44 PM - SeleniumDriver - INFO: Cannot send data on the element with locator: password locatorType: id
09/15/2021 07:31:54 PM - SeleniumDriver - INFO: Element not found with locator: login-button and  locatorType: id
09/15/2021 07:31:54 PM - SeleniumDriver - INFO: Cannot click on the element with locator: login-button locatorType: id
09/15/2021 07:32:04 PM - SeleniumDriver - INFO: Element found with locator: Sauce Labs Backpack and  locatorType: partiallink
09/15/2021 07:32:04 PM - SeleniumDriver - INFO: Clicked on element with locator: Sauce Labs Backpack locatorType: partiallink
09/15/2021 07:32:09 PM - SeleniumDriver - INFO: Element found with locator: //button[contains(text(),'Add to cart')] and  locatorType: xpath
09/15/2021 07:32:09 PM - SeleniumDriver - INFO: Clicked on element with locator: //button[contains(text(),'Add to cart')] locatorType: xpath
09/15/2021 07:32:14 PM - SeleniumDriver - INFO: Element found with locator: shopping_cart_link and  locatorType: class
09/15/2021 07:32:14 PM - SeleniumDriver - INFO: Clicked on element with locator: shopping_cart_link locatorType: class
09/15/2021 07:32:19 PM - SeleniumDriver - INFO: Element found with locator: Sauce Labs Backpack and  locatorType: partiallink
09/15/2021 07:32:20 PM - SeleniumDriver - INFO: Element is displayed with locator: Sauce Labs Backpack locatorType: partiallink
09/15/2021 07:32:20 PM - SeleniumDriver - INFO: Element found with locator: Sauce Labs Backpack and  locatorType: partiallink
09/15/2021 07:32:20 PM - SeleniumDriver - INFO: Element is displayed with locator: Sauce Labs Backpack locatorType: partiallink
09/15/2021 07:32:20 PM - TestStatus - ERROR: ### VERIFICATION SUCCESSFUL :: + TC2 Completedtest_display_added_items
09/15/2021 07:32:20 PM - SeleniumDriver - INFO: Element found with locator: about_sidebar_link and  locatorType: id
09/15/2021 07:32:30 PM - SeleniumDriver - INFO: Cannot click on the element with locator: about_sidebar_link locatorType: id
09/15/2021 07:32:40 PM - SeleniumDriver - INFO: Element not found with locator: user-name and  locatorType: id
09/15/2021 07:32:40 PM - SeleniumDriver - INFO: Cannot send data on the element with locator: user-name locatorType: id
09/15/2021 07:32:50 PM - SeleniumDriver - INFO: Element not found with locator: password and  locatorType: id
09/15/2021 07:32:50 PM - SeleniumDriver - INFO: Cannot send data on the element with locator: password locatorType: id
09/15/2021 07:33:00 PM - SeleniumDriver - INFO: Element not found with locator: login-button and  locatorType: id
09/15/2021 07:33:00 PM - SeleniumDriver - INFO: Cannot click on the element with locator: login-button locatorType: id
09/15/2021 07:33:05 PM - SeleniumDriver - INFO: Element found with locator: about_sidebar_link and  locatorType: id
09/15/2021 07:33:15 PM - SeleniumDriver - INFO: Cannot click on the element with locator: about_sidebar_link locatorType: id
09/15/2021 07:33:25 PM - SeleniumDriver - INFO: Element not found with locator: //span[@class='title' and (contains(text(),'Products'))] and  locatorType: xpath
09/15/2021 07:33:25 PM - SeleniumDriver - INFO: Element not displayed with locator: //span[@class='title' and (contains(text(),'Products'))] locatorType: xpath
09/15/2021 07:33:25 PM - TestStatus - ERROR: ### VERIFICATION FAILED :: + TC3 Completedtest_successful_login
09/15/2021 07:33:25 PM - TestStatus - INFO: Screenshot save to directory: C:\Users\dell-laptop\workspace_python\saucedemo\base\../screenshots/TC3 Completedtest_successful_login.1631714605450.png
09/15/2021 07:41:00 PM - SeleniumDriver - INFO: Element found with locator: user-name and  locatorType: id
09/15/2021 07:41:00 PM - SeleniumDriver - INFO: Sent data on element with locator: user-name locatorType: id
09/15/2021 07:41:00 PM - SeleniumDriver - INFO: Element found with locator: password and  locatorType: id
09/15/2021 07:41:00 PM - SeleniumDriver - INFO: Sent data on element with locator: password locatorType: id
09/15/2021 07:41:00 PM - SeleniumDriver - INFO: Element found with locator: login-button and  locatorType: id
09/15/2021 07:41:00 PM - SeleniumDriver - INFO: Clicked on element with locator: login-button locatorType: id
09/15/2021 07:41:06 PM - SeleniumDriver - INFO: Element found with locator: //button[contains(text(),'Add to cart')] and  locatorType: xpath
09/15/2021 07:41:06 PM - SeleniumDriver - INFO: Element is displayed with locator: //button[contains(text(),'Add to cart')] locatorType: xpath
09/15/2021 07:41:06 PM - TestStatus - ERROR: ### VERIFICATION FAILED :: + TC1 Completedtest_successful_login
09/15/2021 07:41:06 PM - TestStatus - INFO: Screenshot save to directory: C:\Users\dell-laptop\workspace_python\saucedemo\base\../screenshots/TC1 Completedtest_successful_login.1631715066150.png
09/15/2021 07:41:06 PM - SeleniumDriver - INFO: Element found with locator: about_sidebar_link and  locatorType: id
09/15/2021 07:41:16 PM - SeleniumDriver - INFO: Cannot click on the element with locator: about_sidebar_link locatorType: id
09/15/2021 07:41:26 PM - SeleniumDriver - INFO: Element not found with locator: user-name and  locatorType: id
09/15/2021 07:41:26 PM - SeleniumDriver - INFO: Cannot send data on the element with locator: user-name locatorType: id
09/15/2021 07:41:36 PM - SeleniumDriver - INFO: Element not found with locator: password and  locatorType: id
09/15/2021 07:41:37 PM - SeleniumDriver - INFO: Cannot send data on the element with locator: password locatorType: id
09/15/2021 07:41:47 PM - SeleniumDriver - INFO: Element not found with locator: login-button and  locatorType: id
09/15/2021 07:41:47 PM - SeleniumDriver - INFO: Cannot click on the element with locator: login-button locatorType: id
09/15/2021 07:41:52 PM - SeleniumDriver - INFO: Element found with locator: about_sidebar_link and  locatorType: id
09/15/2021 07:42:02 PM - SeleniumDriver - INFO: Cannot click on the element with locator: about_sidebar_link locatorType: id
09/15/2021 07:42:27 PM - SeleniumDriver - INFO: Element found with locator: user-name and  locatorType: id
09/15/2021 07:42:27 PM - SeleniumDriver - INFO: Sent data on element with locator: user-name locatorType: id
09/15/2021 07:42:27 PM - SeleniumDriver - INFO: Element found with locator: password and  locatorType: id
09/15/2021 07:42:27 PM - SeleniumDriver - INFO: Sent data on element with locator: password locatorType: id
09/15/2021 07:42:27 PM - SeleniumDriver - INFO: Element found with locator: login-button and  locatorType: id
09/15/2021 07:42:27 PM - SeleniumDriver - INFO: Clicked on element with locator: login-button locatorType: id
09/15/2021 07:42:32 PM - SeleniumDriver - INFO: Element found with locator: //button[contains(text(),'Add to cart')] and  locatorType: xpath
09/15/2021 07:42:32 PM - SeleniumDriver - INFO: Element is displayed with locator: //button[contains(text(),'Add to cart')] locatorType: xpath
09/15/2021 07:42:32 PM - TestStatus - ERROR: ### VERIFICATION FAILED :: + TC1 Completedtest_successful_login
09/15/2021 07:42:33 PM - TestStatus - INFO: Screenshot save to directory: C:\Users\dell-laptop\workspace_python\saucedemo\base\../screenshots/TC1 Completedtest_successful_login.1631715152902.png
09/15/2021 07:42:33 PM - SeleniumDriver - INFO: Element found with locator: about_sidebar_link and  locatorType: id
09/15/2021 07:42:43 PM - SeleniumDriver - INFO: Cannot click on the element with locator: about_sidebar_link locatorType: id
09/15/2021 07:42:53 PM - SeleniumDriver - INFO: Element not found with locator: user-name and  locatorType: id
09/15/2021 07:42:53 PM - SeleniumDriver - INFO: Cannot send data on the element with locator: user-name locatorType: id
09/15/2021 07:43:03 PM - SeleniumDriver - INFO: Element not found with locator: password and  locatorType: id
09/15/2021 07:43:03 PM - SeleniumDriver - INFO: Cannot send data on the element with locator: password locatorType: id
09/15/2021 07:43:13 PM - SeleniumDriver - INFO: Element not found with locator: login-button and  locatorType: id
09/15/2021 07:43:13 PM - SeleniumDriver - INFO: Cannot click on the element with locator: login-button locatorType: id
09/15/2021 07:43:18 PM - SeleniumDriver - INFO: Element found with locator: about_sidebar_link and  locatorType: id
09/15/2021 07:43:28 PM - SeleniumDriver - INFO: Cannot click on the element with locator: about_sidebar_link locatorType: id
09/15/2021 07:43:39 PM - SeleniumDriver - INFO: Element not found with locator: user-name and  locatorType: id
09/15/2021 07:43:39 PM - SeleniumDriver - INFO: Cannot send data on the element with locator: user-name locatorType: id
09/15/2021 07:43:49 PM - SeleniumDriver - INFO: Element not found with locator: password and  locatorType: id
09/15/2021 07:43:49 PM - SeleniumDriver - INFO: Cannot send data on the element with locator: password locatorType: id
09/15/2021 07:43:59 PM - SeleniumDriver - INFO: Element not found with locator: login-button and  locatorType: id
09/15/2021 07:43:59 PM - SeleniumDriver - INFO: Cannot click on the element with locator: login-button locatorType: id
09/15/2021 07:44:09 PM - SeleniumDriver - INFO: Element found with locator: Sauce Labs Backpack and  locatorType: partiallink
09/15/2021 07:44:09 PM - SeleniumDriver - INFO: Clicked on element with locator: Sauce Labs Backpack locatorType: partiallink
09/15/2021 07:44:14 PM - SeleniumDriver - INFO: Element found with locator: //button[contains(text(),'Add to cart')] and  locatorType: xpath
09/15/2021 07:44:14 PM - SeleniumDriver - INFO: Clicked on element with locator: //button[contains(text(),'Add to cart')] locatorType: xpath
09/15/2021 07:44:19 PM - SeleniumDriver - INFO: Element found with locator: shopping_cart_link and  locatorType: class
09/15/2021 07:44:19 PM - SeleniumDriver - INFO: Clicked on element with locator: shopping_cart_link locatorType: class
09/15/2021 07:44:24 PM - SeleniumDriver - INFO: Element found with locator: Sauce Labs Backpack and  locatorType: partiallink
09/15/2021 07:44:24 PM - SeleniumDriver - INFO: Element is displayed with locator: Sauce Labs Backpack locatorType: partiallink
09/15/2021 07:44:24 PM - SeleniumDriver - INFO: Element found with locator: Sauce Labs Backpack and  locatorType: partiallink
09/15/2021 07:44:24 PM - SeleniumDriver - INFO: Element is displayed with locator: Sauce Labs Backpack locatorType: partiallink
09/15/2021 07:44:24 PM - TestStatus - ERROR: ### VERIFICATION SUCCESSFUL :: + TC2 Completedtest_display_added_items
09/15/2021 07:45:56 PM - SeleniumDriver - INFO: Element found with locator: user-name and  locatorType: id
09/15/2021 07:45:56 PM - SeleniumDriver - INFO: Sent data on element with locator: user-name locatorType: id
09/15/2021 07:45:56 PM - SeleniumDriver - INFO: Element found with locator: password and  locatorType: id
09/15/2021 07:45:56 PM - SeleniumDriver - INFO: Sent data on element with locator: password locatorType: id
09/15/2021 07:45:56 PM - SeleniumDriver - INFO: Element found with locator: login-button and  locatorType: id
09/15/2021 07:45:56 PM - SeleniumDriver - INFO: Clicked on element with locator: login-button locatorType: id
09/15/2021 07:46:12 PM - SeleniumDriver - INFO: Element not found with locator: user-name and  locatorType: id
09/15/2021 07:46:12 PM - SeleniumDriver - INFO: Cannot send data on the element with locator: user-name locatorType: id
09/15/2021 07:46:22 PM - SeleniumDriver - INFO: Element not found with locator: password and  locatorType: id
09/15/2021 07:46:22 PM - SeleniumDriver - INFO: Cannot send data on the element with locator: password locatorType: id
09/15/2021 07:46:33 PM - SeleniumDriver - INFO: Element not found with locator: login-button and  locatorType: id
09/15/2021 07:46:33 PM - SeleniumDriver - INFO: Cannot click on the element with locator: login-button locatorType: id
09/15/2021 07:46:44 PM - SeleniumDriver - INFO: Element found with locator: Sauce Labs Backpack and  locatorType: partiallink
09/15/2021 07:46:45 PM - SeleniumDriver - INFO: Clicked on element with locator: Sauce Labs Backpack locatorType: partiallink
09/15/2021 07:46:50 PM - SeleniumDriver - INFO: Element found with locator: //button[contains(text(),'Add to cart')] and  locatorType: xpath
09/15/2021 07:46:50 PM - SeleniumDriver - INFO: Clicked on element with locator: //button[contains(text(),'Add to cart')] locatorType: xpath
09/15/2021 07:46:57 PM - SeleniumDriver - INFO: Element found with locator: shopping_cart_link and  locatorType: class
09/15/2021 07:46:57 PM - SeleniumDriver - INFO: Clicked on element with locator: shopping_cart_link locatorType: class
09/15/2021 07:47:02 PM - SeleniumDriver - INFO: Element found with locator: Sauce Labs Backpack and  locatorType: partiallink
09/15/2021 07:47:02 PM - SeleniumDriver - INFO: Element is displayed with locator: Sauce Labs Backpack locatorType: partiallink
09/15/2021 07:47:02 PM - SeleniumDriver - INFO: Element found with locator: Sauce Labs Backpack and  locatorType: partiallink
09/15/2021 07:47:02 PM - SeleniumDriver - INFO: Element is displayed with locator: Sauce Labs Backpack locatorType: partiallink
09/15/2021 07:47:02 PM - TestStatus - ERROR: ### VERIFICATION SUCCESSFUL :: + TC2 Completedtest_display_added_items
09/15/2021 07:47:12 PM - SeleniumDriver - INFO: Element not found with locator: user-name and  locatorType: id
09/15/2021 07:47:12 PM - SeleniumDriver - INFO: Cannot send data on the element with locator: user-name locatorType: id
09/15/2021 07:47:22 PM - SeleniumDriver - INFO: Element not found with locator: password and  locatorType: id
09/15/2021 07:47:23 PM - SeleniumDriver - INFO: Cannot send data on the element with locator: password locatorType: id
09/15/2021 07:47:33 PM - SeleniumDriver - INFO: Element not found with locator: login-button and  locatorType: id
09/15/2021 07:47:33 PM - SeleniumDriver - INFO: Cannot click on the element with locator: login-button locatorType: id
09/15/2021 07:47:38 PM - SeleniumDriver - INFO: Element found with locator: about_sidebar_link and  locatorType: id
09/15/2021 07:47:48 PM - SeleniumDriver - INFO: Cannot click on the element with locator: about_sidebar_link locatorType: id
09/15/2021 07:52:48 PM - SeleniumDriver - INFO: Element found with locator: user-name and  locatorType: id
09/15/2021 07:52:48 PM - SeleniumDriver - INFO: Sent data on element with locator: user-name locatorType: id
09/15/2021 07:52:48 PM - SeleniumDriver - INFO: Element found with locator: password and  locatorType: id
09/15/2021 07:52:49 PM - SeleniumDriver - INFO: Sent data on element with locator: password locatorType: id
09/15/2021 07:52:49 PM - SeleniumDriver - INFO: Element found with locator: login-button and  locatorType: id
09/15/2021 07:52:49 PM - SeleniumDriver - INFO: Clicked on element with locator: login-button locatorType: id
09/15/2021 07:53:04 PM - SeleniumDriver - INFO: Element not found with locator: user-name and  locatorType: id
09/15/2021 07:53:04 PM - SeleniumDriver - INFO: Cannot send data on the element with locator: user-name locatorType: id
09/15/2021 07:53:14 PM - SeleniumDriver - INFO: Element not found with locator: password and  locatorType: id
09/15/2021 07:53:14 PM - SeleniumDriver - INFO: Cannot send data on the element with locator: password locatorType: id
09/15/2021 07:53:25 PM - SeleniumDriver - INFO: Element not found with locator: login-button and  locatorType: id
09/15/2021 07:53:25 PM - SeleniumDriver - INFO: Cannot click on the element with locator: login-button locatorType: id
09/15/2021 07:53:35 PM - SeleniumDriver - INFO: Element found with locator: Sauce Labs Backpack and  locatorType: partiallink
09/15/2021 07:53:36 PM - SeleniumDriver - INFO: Clicked on element with locator: Sauce Labs Backpack locatorType: partiallink
09/15/2021 07:53:41 PM - SeleniumDriver - INFO: Element found with locator: //button[contains(text(),'Add to cart')] and  locatorType: xpath
09/15/2021 07:53:41 PM - SeleniumDriver - INFO: Clicked on element with locator: //button[contains(text(),'Add to cart')] locatorType: xpath
09/15/2021 07:53:46 PM - SeleniumDriver - INFO: Element found with locator: shopping_cart_link and  locatorType: class
09/15/2021 07:53:46 PM - SeleniumDriver - INFO: Clicked on element with locator: shopping_cart_link locatorType: class
09/15/2021 07:53:51 PM - SeleniumDriver - INFO: Element found with locator: Sauce Labs Backpack and  locatorType: partiallink
09/15/2021 07:53:51 PM - SeleniumDriver - INFO: Element is displayed with locator: Sauce Labs Backpack locatorType: partiallink
09/15/2021 07:53:51 PM - SeleniumDriver - INFO: Element found with locator: Sauce Labs Backpack and  locatorType: partiallink
09/15/2021 07:53:51 PM - SeleniumDriver - INFO: Element is displayed with locator: Sauce Labs Backpack locatorType: partiallink
09/15/2021 07:53:51 PM - TestStatus - ERROR: ### VERIFICATION SUCCESSFUL :: + TC2 Completedtest_display_added_items
09/15/2021 07:54:01 PM - SeleniumDriver - INFO: Element not found with locator: user-name and  locatorType: id
09/15/2021 07:54:01 PM - SeleniumDriver - INFO: Cannot send data on the element with locator: user-name locatorType: id
09/15/2021 07:54:11 PM - SeleniumDriver - INFO: Element not found with locator: password and  locatorType: id
09/15/2021 07:54:11 PM - SeleniumDriver - INFO: Cannot send data on the element with locator: password locatorType: id
09/15/2021 07:54:22 PM - SeleniumDriver - INFO: Element not found with locator: login-button and  locatorType: id
09/15/2021 07:54:22 PM - SeleniumDriver - INFO: Cannot click on the element with locator: login-button locatorType: id
09/15/2021 07:54:27 PM - SeleniumDriver - INFO: Element found with locator: about_sidebar_link and  locatorType: id
09/15/2021 07:54:37 PM - SeleniumDriver - INFO: Cannot click on the element with locator: about_sidebar_link locatorType: id
09/15/2021 08:04:46 PM - SeleniumDriver - INFO: Element found with locator: user-name and  locatorType: id
09/15/2021 08:04:46 PM - SeleniumDriver - INFO: Sent data on element with locator: user-name locatorType: id
09/15/2021 08:04:46 PM - SeleniumDriver - INFO: Element found with locator: password and  locatorType: id
09/15/2021 08:04:46 PM - SeleniumDriver - INFO: Sent data on element with locator: password locatorType: id
09/15/2021 08:04:46 PM - SeleniumDriver - INFO: Element found with locator: login-button and  locatorType: id
09/15/2021 08:04:46 PM - SeleniumDriver - INFO: Clicked on element with locator: login-button locatorType: id
09/15/2021 08:04:51 PM - SeleniumDriver - INFO: Element found with locator: //button[contains(text(),'Add to cart')] and  locatorType: xpath
09/15/2021 08:04:51 PM - SeleniumDriver - INFO: Element is displayed with locator: //button[contains(text(),'Add to cart')] locatorType: xpath
09/15/2021 08:04:51 PM - TestStatus - ERROR: ### VERIFICATION FAILED :: + TC1 Completedtest_successful_login
09/15/2021 08:04:52 PM - TestStatus - INFO: Screenshot save to directory: C:\Users\dell-laptop\workspace_python\saucedemo\base\../screenshots/TC1 Completedtest_successful_login.1631716491748.png
09/15/2021 08:04:57 PM - SeleniumDriver - INFO: Element found with locator: Sauce Labs Backpack and  locatorType: partiallink
09/15/2021 08:04:57 PM - SeleniumDriver - INFO: Clicked on element with locator: Sauce Labs Backpack locatorType: partiallink
09/15/2021 08:05:02 PM - SeleniumDriver - INFO: Element found with locator: //button[contains(text(),'Add to cart')] and  locatorType: xpath
09/15/2021 08:05:02 PM - SeleniumDriver - INFO: Clicked on element with locator: //button[contains(text(),'Add to cart')] locatorType: xpath
09/15/2021 08:05:07 PM - SeleniumDriver - INFO: Element found with locator: shopping_cart_link and  locatorType: class
09/15/2021 08:05:07 PM - SeleniumDriver - INFO: Clicked on element with locator: shopping_cart_link locatorType: class
09/15/2021 08:05:12 PM - SeleniumDriver - INFO: Element found with locator: Sauce Labs Backpack and  locatorType: partiallink
09/15/2021 08:05:12 PM - SeleniumDriver - INFO: Element is displayed with locator: Sauce Labs Backpack locatorType: partiallink
09/15/2021 08:05:12 PM - SeleniumDriver - INFO: Element found with locator: Sauce Labs Backpack and  locatorType: partiallink
09/15/2021 08:05:12 PM - SeleniumDriver - INFO: Element is displayed with locator: Sauce Labs Backpack locatorType: partiallink
09/15/2021 08:05:12 PM - TestStatus - ERROR: ### VERIFICATION SUCCESSFUL :: + TC2 Completedtest_display_added_items
09/15/2021 08:05:12 PM - SeleniumDriver - INFO: Element found with locator: about_sidebar_link and  locatorType: id
09/15/2021 08:05:22 PM - SeleniumDriver - INFO: Cannot click on the element with locator: about_sidebar_link locatorType: id
09/15/2021 08:05:32 PM - SeleniumDriver - INFO: Element not found with locator: user-name and  locatorType: id
09/15/2021 08:05:32 PM - SeleniumDriver - INFO: Cannot send data on the element with locator: user-name locatorType: id
09/15/2021 08:05:43 PM - SeleniumDriver - INFO: Element not found with locator: password and  locatorType: id
09/15/2021 08:05:43 PM - SeleniumDriver - INFO: Cannot send data on the element with locator: password locatorType: id
09/15/2021 08:05:53 PM - SeleniumDriver - INFO: Element not found with locator: login-button and  locatorType: id
09/15/2021 08:05:53 PM - SeleniumDriver - INFO: Cannot click on the element with locator: login-button locatorType: id
09/15/2021 08:05:58 PM - SeleniumDriver - INFO: Element found with locator: about_sidebar_link and  locatorType: id
09/15/2021 08:06:08 PM - SeleniumDriver - INFO: Cannot click on the element with locator: about_sidebar_link locatorType: id
09/15/2021 08:06:18 PM - SeleniumDriver - INFO: Element not found with locator: //button[contains(text(),'Add to cart')] and  locatorType: xpath
09/15/2021 08:06:18 PM - SeleniumDriver - INFO: Element not displayed with locator: //button[contains(text(),'Add to cart')] locatorType: xpath
09/15/2021 08:06:18 PM - TestStatus - ERROR: ### VERIFICATION FAILED :: + TC3 Completedtest_successful_login
09/15/2021 08:06:18 PM - TestStatus - INFO: Screenshot save to directory: C:\Users\dell-laptop\workspace_python\saucedemo\base\../screenshots/TC3 Completedtest_successful_login.1631716578532.png
09/15/2021 08:15:10 PM - SeleniumDriver - INFO: Element found with locator: user-name and  locatorType: id
09/15/2021 08:15:10 PM - SeleniumDriver - INFO: Sent data on element with locator: user-name locatorType: id
09/15/2021 08:15:10 PM - SeleniumDriver - INFO: Element found with locator: password and  locatorType: id
09/15/2021 08:15:10 PM - SeleniumDriver - INFO: Sent data on element with locator: password locatorType: id
09/15/2021 08:15:10 PM - SeleniumDriver - INFO: Element found with locator: login-button and  locatorType: id
09/15/2021 08:15:10 PM - SeleniumDriver - INFO: Clicked on element with locator: login-button locatorType: id
09/15/2021 08:15:15 PM - SeleniumDriver - INFO: Element found with locator: //span[@class='title' and (contains(text(),'Products'))] and  locatorType: xpath
09/15/2021 08:15:15 PM - SeleniumDriver - INFO: Element is displayed with locator: //span[@class='title' and (contains(text(),'Products'))] locatorType: xpath
09/15/2021 08:15:15 PM - TestStatus - ERROR: ### VERIFICATION FAILED :: + TC1 Completedtest_successful_login
09/15/2021 08:15:15 PM - TestStatus - INFO: Screenshot save to directory: C:\Users\dell-laptop\workspace_python\saucedemo\base\../screenshots/TC1 Completedtest_successful_login.1631717115557.png
09/15/2021 08:15:20 PM - SeleniumDriver - INFO: Element found with locator: Sauce Labs Backpack and  locatorType: partiallink
09/15/2021 08:15:21 PM - SeleniumDriver - INFO: Clicked on element with locator: Sauce Labs Backpack locatorType: partiallink
09/15/2021 08:15:26 PM - SeleniumDriver - INFO: Element found with locator: //button[contains(text(),'Add to cart')] and  locatorType: xpath
09/15/2021 08:15:26 PM - SeleniumDriver - INFO: Clicked on element with locator: //button[contains(text(),'Add to cart')] locatorType: xpath
09/15/2021 08:15:31 PM - SeleniumDriver - INFO: Element found with locator: shopping_cart_link and  locatorType: class
09/15/2021 08:15:31 PM - SeleniumDriver - INFO: Clicked on element with locator: shopping_cart_link locatorType: class
09/15/2021 08:15:36 PM - SeleniumDriver - INFO: Element found with locator: Sauce Labs Backpack and  locatorType: partiallink
09/15/2021 08:15:36 PM - SeleniumDriver - INFO: Element is displayed with locator: Sauce Labs Backpack locatorType: partiallink
09/15/2021 08:15:36 PM - SeleniumDriver - INFO: Element found with locator: Sauce Labs Backpack and  locatorType: partiallink
09/15/2021 08:15:36 PM - SeleniumDriver - INFO: Element is displayed with locator: Sauce Labs Backpack locatorType: partiallink
09/15/2021 08:15:36 PM - TestStatus - ERROR: ### VERIFICATION SUCCESSFUL :: + TC2 Completedtest_display_added_items
09/15/2021 08:15:36 PM - SeleniumDriver - INFO: Element found with locator: about_sidebar_link and  locatorType: id
09/15/2021 08:15:46 PM - SeleniumDriver - INFO: Cannot click on the element with locator: about_sidebar_link locatorType: id
09/15/2021 08:15:56 PM - SeleniumDriver - INFO: Element not found with locator: user-name and  locatorType: id
09/15/2021 08:15:56 PM - SeleniumDriver - INFO: Cannot send data on the element with locator: user-name locatorType: id
09/15/2021 08:16:06 PM - SeleniumDriver - INFO: Element not found with locator: password and  locatorType: id
09/15/2021 08:16:06 PM - SeleniumDriver - INFO: Cannot send data on the element with locator: password locatorType: id
09/15/2021 08:16:17 PM - SeleniumDriver - INFO: Element not found with locator: login-button and  locatorType: id
09/15/2021 08:16:17 PM - SeleniumDriver - INFO: Cannot click on the element with locator: login-button locatorType: id
09/15/2021 08:16:22 PM - SeleniumDriver - INFO: Element found with locator: about_sidebar_link and  locatorType: id
09/15/2021 08:16:34 PM - SeleniumDriver - INFO: Clicked on element with locator: about_sidebar_link locatorType: id
09/15/2021 08:18:25 PM - SeleniumDriver - INFO: Element found with locator: user-name and  locatorType: id
09/15/2021 08:18:25 PM - SeleniumDriver - INFO: Sent data on element with locator: user-name locatorType: id
09/15/2021 08:18:25 PM - SeleniumDriver - INFO: Element found with locator: password and  locatorType: id
09/15/2021 08:18:25 PM - SeleniumDriver - INFO: Sent data on element with locator: password locatorType: id
09/15/2021 08:18:25 PM - SeleniumDriver - INFO: Element found with locator: login-button and  locatorType: id
09/15/2021 08:18:25 PM - SeleniumDriver - INFO: Clicked on element with locator: login-button locatorType: id
09/15/2021 08:18:30 PM - SeleniumDriver - INFO: Element found with locator: //span[@class='title' and (contains(text(),'Products'))] and  locatorType: xpath
09/15/2021 08:18:31 PM - SeleniumDriver - INFO: Element is displayed with locator: //span[@class='title' and (contains(text(),'Products'))] locatorType: xpath
09/15/2021 08:18:31 PM - TestStatus - ERROR: ### VERIFICATION FAILED :: + TC1 Completedtest_successful_login
09/15/2021 08:18:31 PM - TestStatus - INFO: Screenshot save to directory: C:\Users\dell-laptop\workspace_python\saucedemo\base\../screenshots/TC1 Completedtest_successful_login.1631717311019.png
09/15/2021 08:18:36 PM - SeleniumDriver - INFO: Element found with locator: Sauce Labs Backpack and  locatorType: partiallink
09/15/2021 08:18:36 PM - SeleniumDriver - INFO: Clicked on element with locator: Sauce Labs Backpack locatorType: partiallink
09/15/2021 08:18:41 PM - SeleniumDriver - INFO: Element found with locator: //button[contains(text(),'Add to cart')] and  locatorType: xpath
09/15/2021 08:18:41 PM - SeleniumDriver - INFO: Clicked on element with locator: //button[contains(text(),'Add to cart')] locatorType: xpath
09/15/2021 08:18:46 PM - SeleniumDriver - INFO: Element found with locator: shopping_cart_link and  locatorType: class
09/15/2021 08:18:47 PM - SeleniumDriver - INFO: Clicked on element with locator: shopping_cart_link locatorType: class
09/15/2021 08:18:52 PM - SeleniumDriver - INFO: Element found with locator: Sauce Labs Backpack and  locatorType: partiallink
09/15/2021 08:18:52 PM - SeleniumDriver - INFO: Element is displayed with locator: Sauce Labs Backpack locatorType: partiallink
09/15/2021 08:18:52 PM - SeleniumDriver - INFO: Element found with locator: Sauce Labs Backpack and  locatorType: partiallink
09/15/2021 08:18:52 PM - SeleniumDriver - INFO: Element is displayed with locator: Sauce Labs Backpack locatorType: partiallink
09/15/2021 08:18:52 PM - TestStatus - ERROR: ### VERIFICATION SUCCESSFUL :: + TC2 Completedtest_display_added_items
09/15/2021 08:18:52 PM - SeleniumDriver - INFO: Element found with locator: react-burger-menu-btn and  locatorType: id
09/15/2021 08:18:52 PM - SeleniumDriver - INFO: Clicked on element with locator: react-burger-menu-btn locatorType: id
09/15/2021 08:18:52 PM - SeleniumDriver - INFO: Element found with locator: about_sidebar_link and  locatorType: id
09/15/2021 08:18:57 PM - SeleniumDriver - INFO: Clicked on element with locator: about_sidebar_link locatorType: id
09/15/2021 08:19:05 PM - SeleniumDriver - INFO: Element found with locator: user-name and  locatorType: id
09/15/2021 08:19:05 PM - SeleniumDriver - INFO: Cannot send data on the element with locator: user-name locatorType: id
09/15/2021 08:20:08 PM - SeleniumDriver - INFO: Element found with locator: user-name and  locatorType: id
09/15/2021 08:20:08 PM - SeleniumDriver - INFO: Sent data on element with locator: user-name locatorType: id
09/15/2021 08:20:08 PM - SeleniumDriver - INFO: Element found with locator: password and  locatorType: id
09/15/2021 08:20:08 PM - SeleniumDriver - INFO: Sent data on element with locator: password locatorType: id
09/15/2021 08:20:08 PM - SeleniumDriver - INFO: Element found with locator: login-button and  locatorType: id
09/15/2021 08:20:09 PM - SeleniumDriver - INFO: Clicked on element with locator: login-button locatorType: id
09/15/2021 08:20:14 PM - SeleniumDriver - INFO: Element found with locator: //span[@class='title' and (contains(text(),'Products'))] and  locatorType: xpath
09/15/2021 08:20:14 PM - SeleniumDriver - INFO: Element is displayed with locator: //span[@class='title' and (contains(text(),'Products'))] locatorType: xpath
09/15/2021 08:20:14 PM - TestStatus - ERROR: ### VERIFICATION FAILED :: + TC1 Completedtest_successful_login
09/15/2021 08:20:14 PM - TestStatus - INFO: Screenshot save to directory: C:\Users\dell-laptop\workspace_python\saucedemo\base\../screenshots/TC1 Completedtest_successful_login.1631717414199.png
09/15/2021 08:20:19 PM - SeleniumDriver - INFO: Element found with locator: Sauce Labs Backpack and  locatorType: partiallink
09/15/2021 08:20:19 PM - SeleniumDriver - INFO: Clicked on element with locator: Sauce Labs Backpack locatorType: partiallink
09/15/2021 08:20:24 PM - SeleniumDriver - INFO: Element found with locator: //button[contains(text(),'Add to cart')] and  locatorType: xpath
09/15/2021 08:20:25 PM - SeleniumDriver - INFO: Clicked on element with locator: //button[contains(text(),'Add to cart')] locatorType: xpath
09/15/2021 08:20:30 PM - SeleniumDriver - INFO: Element found with locator: shopping_cart_link and  locatorType: class
09/15/2021 08:20:30 PM - SeleniumDriver - INFO: Clicked on element with locator: shopping_cart_link locatorType: class
09/15/2021 08:20:35 PM - SeleniumDriver - INFO: Element found with locator: Sauce Labs Backpack and  locatorType: partiallink
09/15/2021 08:20:35 PM - SeleniumDriver - INFO: Element is displayed with locator: Sauce Labs Backpack locatorType: partiallink
09/15/2021 08:20:35 PM - SeleniumDriver - INFO: Element found with locator: Sauce Labs Backpack and  locatorType: partiallink
09/15/2021 08:20:35 PM - SeleniumDriver - INFO: Element is displayed with locator: Sauce Labs Backpack locatorType: partiallink
09/15/2021 08:20:35 PM - TestStatus - ERROR: ### VERIFICATION SUCCESSFUL :: + TC2 Completedtest_display_added_items
09/15/2021 08:20:35 PM - SeleniumDriver - INFO: Element found with locator: react-burger-menu-btn and  locatorType: id
09/15/2021 08:20:35 PM - SeleniumDriver - INFO: Clicked on element with locator: react-burger-menu-btn locatorType: id
09/15/2021 08:20:35 PM - SeleniumDriver - INFO: Element found with locator: about_sidebar_link and  locatorType: id
09/15/2021 08:20:44 PM - SeleniumDriver - INFO: Clicked on element with locator: about_sidebar_link locatorType: id
09/15/2021 08:20:54 PM - SeleniumDriver - INFO: Element not found with locator: user-name and  locatorType: id
09/15/2021 08:20:54 PM - SeleniumDriver - INFO: Cannot send data on the element with locator: user-name locatorType: id
09/15/2021 08:21:04 PM - SeleniumDriver - INFO: Element not found with locator: password and  locatorType: id
09/15/2021 08:21:04 PM - SeleniumDriver - INFO: Cannot send data on the element with locator: password locatorType: id
09/15/2021 08:21:14 PM - SeleniumDriver - INFO: Element not found with locator: login-button and  locatorType: id
09/15/2021 08:21:14 PM - SeleniumDriver - INFO: Cannot click on the element with locator: login-button locatorType: id
09/15/2021 08:21:29 PM - SeleniumDriver - INFO: Element not found with locator: react-burger-menu-btn and  locatorType: id
09/15/2021 08:21:29 PM - SeleniumDriver - INFO: Cannot click on the element with locator: react-burger-menu-btn locatorType: id
09/15/2021 08:21:39 PM - SeleniumDriver - INFO: Element not found with locator: about_sidebar_link and  locatorType: id
09/15/2021 08:21:39 PM - SeleniumDriver - INFO: Cannot click on the element with locator: about_sidebar_link locatorType: id
09/15/2021 08:21:49 PM - SeleniumDriver - INFO: Element not found with locator: //span[@class='title' and (contains(text(),'Products'))] and  locatorType: xpath
09/15/2021 08:21:50 PM - SeleniumDriver - INFO: Element not displayed with locator: //span[@class='title' and (contains(text(),'Products'))] locatorType: xpath
09/15/2021 08:21:50 PM - TestStatus - ERROR: ### VERIFICATION FAILED :: + TC3 Completedtest_successful_login
09/15/2021 08:21:51 PM - TestStatus - INFO: Screenshot save to directory: C:\Users\dell-laptop\workspace_python\saucedemo\base\../screenshots/TC3 Completedtest_successful_login.1631717510056.png
09/15/2021 08:26:43 PM - SeleniumDriver - INFO: Element found with locator: user-name and  locatorType: id
09/15/2021 08:26:43 PM - SeleniumDriver - INFO: Sent data on element with locator: user-name locatorType: id
09/15/2021 08:26:43 PM - SeleniumDriver - INFO: Element found with locator: password and  locatorType: id
09/15/2021 08:26:43 PM - SeleniumDriver - INFO: Sent data on element with locator: password locatorType: id
09/15/2021 08:26:43 PM - SeleniumDriver - INFO: Element found with locator: login-button and  locatorType: id
09/15/2021 08:26:43 PM - SeleniumDriver - INFO: Clicked on element with locator: login-button locatorType: id
09/15/2021 08:26:48 PM - SeleniumDriver - INFO: Element found with locator: product_sort_container and  locatorType: class
09/15/2021 08:26:48 PM - SeleniumDriver - INFO: Element is displayed with locator: product_sort_container locatorType: CLASS
09/15/2021 08:26:48 PM - TestStatus - ERROR: ### VERIFICATION FAILED :: + TC1 Completedtest_successful_login
09/15/2021 08:26:48 PM - TestStatus - INFO: Screenshot save to directory: C:\Users\dell-laptop\workspace_python\saucedemo\base\../screenshots/TC1 Completedtest_successful_login.1631717808488.png
09/15/2021 08:26:53 PM - SeleniumDriver - INFO: Element found with locator: Sauce Labs Backpack and  locatorType: partiallink
09/15/2021 08:26:54 PM - SeleniumDriver - INFO: Clicked on element with locator: Sauce Labs Backpack locatorType: partiallink
09/15/2021 08:26:59 PM - SeleniumDriver - INFO: Element found with locator: //button[contains(text(),'Add to cart')] and  locatorType: xpath
09/15/2021 08:26:59 PM - SeleniumDriver - INFO: Clicked on element with locator: //button[contains(text(),'Add to cart')] locatorType: xpath
09/15/2021 08:27:04 PM - SeleniumDriver - INFO: Element found with locator: shopping_cart_link and  locatorType: class
09/15/2021 08:27:04 PM - SeleniumDriver - INFO: Clicked on element with locator: shopping_cart_link locatorType: class
09/15/2021 08:27:09 PM - SeleniumDriver - INFO: Element found with locator: Sauce Labs Backpack and  locatorType: partiallink
09/15/2021 08:27:09 PM - SeleniumDriver - INFO: Element is displayed with locator: Sauce Labs Backpack locatorType: partiallink
09/15/2021 08:27:09 PM - SeleniumDriver - INFO: Element found with locator: Sauce Labs Backpack and  locatorType: partiallink
09/15/2021 08:27:09 PM - SeleniumDriver - INFO: Element is displayed with locator: Sauce Labs Backpack locatorType: partiallink
09/15/2021 08:27:09 PM - TestStatus - ERROR: ### VERIFICATION SUCCESSFUL :: + TC2 Completedtest_display_added_items
09/15/2021 08:27:09 PM - SeleniumDriver - INFO: Element found with locator: react-burger-menu-btn and  locatorType: id
09/15/2021 08:27:09 PM - SeleniumDriver - INFO: Clicked on element with locator: react-burger-menu-btn locatorType: id
09/15/2021 08:27:09 PM - SeleniumDriver - INFO: Element found with locator: about_sidebar_link and  locatorType: id
09/15/2021 08:27:18 PM - SeleniumDriver - INFO: Clicked on element with locator: about_sidebar_link locatorType: id
09/15/2021 08:27:28 PM - SeleniumDriver - INFO: Element not found with locator: user-name and  locatorType: id
09/15/2021 08:27:28 PM - SeleniumDriver - INFO: Cannot send data on the element with locator: user-name locatorType: id
09/15/2021 08:27:38 PM - SeleniumDriver - INFO: Element not found with locator: password and  locatorType: id
09/15/2021 08:27:38 PM - SeleniumDriver - INFO: Cannot send data on the element with locator: password locatorType: id
09/15/2021 08:27:48 PM - SeleniumDriver - INFO: Element not found with locator: login-button and  locatorType: id
09/15/2021 08:27:48 PM - SeleniumDriver - INFO: Cannot click on the element with locator: login-button locatorType: id
09/15/2021 08:27:54 PM - SeleniumDriver - INFO: Element found with locator: react-burger-menu-btn and  locatorType: id
09/15/2021 08:27:55 PM - SeleniumDriver - INFO: Cannot click on the element with locator: react-burger-menu-btn locatorType: id
09/15/2021 08:27:55 PM - SeleniumDriver - INFO: Element found with locator: about_sidebar_link and  locatorType: id
09/15/2021 08:28:00 PM - SeleniumDriver - INFO: Clicked on element with locator: about_sidebar_link locatorType: id
09/15/2021 08:28:10 PM - SeleniumDriver - INFO: Element not found with locator: //span[@class='title' and (contains(text(),'Products'))] and  locatorType: xpath
09/15/2021 08:28:10 PM - SeleniumDriver - INFO: Element not displayed with locator: //span[@class='title' and (contains(text(),'Products'))] locatorType: xpath
09/15/2021 08:28:10 PM - TestStatus - ERROR: ### VERIFICATION FAILED :: + TC3 Completedtest_successful_login
09/15/2021 08:28:10 PM - TestStatus - INFO: Screenshot save to directory: C:\Users\dell-laptop\workspace_python\saucedemo\base\../screenshots/TC3 Completedtest_successful_login.1631717890443.png
09/15/2021 08:47:09 PM - SeleniumDriver - INFO: Element found with locator: user-name and  locatorType: id
09/15/2021 08:47:09 PM - SeleniumDriver - INFO: Sent data on element with locator: user-name locatorType: id
09/15/2021 08:47:09 PM - SeleniumDriver - INFO: Element found with locator: password and  locatorType: id
09/15/2021 08:47:09 PM - SeleniumDriver - INFO: Sent data on element with locator: password locatorType: id
09/15/2021 08:47:09 PM - SeleniumDriver - INFO: Element found with locator: login-button and  locatorType: id
09/15/2021 08:47:10 PM - SeleniumDriver - INFO: Clicked on element with locator: login-button locatorType: id
09/15/2021 08:47:15 PM - SeleniumDriver - INFO: Element found with locator: product_sort_container and  locatorType: class
09/15/2021 08:47:15 PM - SeleniumDriver - INFO: Element is displayed with locator: product_sort_container locatorType: CLASS
09/15/2021 08:47:15 PM - TestStatus - ERROR: ### VERIFICATION FAILED :: + TC1 Completedtest_successful_login
09/15/2021 08:47:15 PM - TestStatus - INFO: Screenshot save to directory: C:\Users\dell-laptop\workspace_python\saucedemo\base\../screenshots/TC1 Completedtest_successful_login.1631719035319.png
09/15/2021 08:47:20 PM - SeleniumDriver - INFO: Element found with locator: Sauce Labs Backpack and  locatorType: partiallink
09/15/2021 08:47:20 PM - SeleniumDriver - INFO: Clicked on element with locator: Sauce Labs Backpack locatorType: partiallink
09/15/2021 08:47:25 PM - SeleniumDriver - INFO: Element found with locator: //button[contains(text(),'Add to cart')] and  locatorType: xpath
09/15/2021 08:47:26 PM - SeleniumDriver - INFO: Clicked on element with locator: //button[contains(text(),'Add to cart')] locatorType: xpath
09/15/2021 08:47:31 PM - SeleniumDriver - INFO: Element found with locator: shopping_cart_link and  locatorType: class
09/15/2021 08:47:31 PM - SeleniumDriver - INFO: Clicked on element with locator: shopping_cart_link locatorType: class
09/15/2021 08:47:36 PM - SeleniumDriver - INFO: Element found with locator: Sauce Labs Backpack and  locatorType: partiallink
09/15/2021 08:47:36 PM - SeleniumDriver - INFO: Element is displayed with locator: Sauce Labs Backpack locatorType: partiallink
09/15/2021 08:47:36 PM - SeleniumDriver - INFO: Element found with locator: Sauce Labs Backpack and  locatorType: partiallink
09/15/2021 08:47:36 PM - SeleniumDriver - INFO: Element is displayed with locator: Sauce Labs Backpack locatorType: partiallink
09/15/2021 08:47:36 PM - TestStatus - ERROR: ### VERIFICATION SUCCESSFUL :: + TC2 Completedtest_display_added_items
09/15/2021 08:47:36 PM - SeleniumDriver - INFO: Element found with locator: react-burger-menu-btn and  locatorType: id
09/15/2021 08:47:36 PM - SeleniumDriver - INFO: Clicked on element with locator: react-burger-menu-btn locatorType: id
09/15/2021 08:47:36 PM - SeleniumDriver - INFO: Element found with locator: about_sidebar_link and  locatorType: id
09/15/2021 08:47:41 PM - SeleniumDriver - INFO: Clicked on element with locator: about_sidebar_link locatorType: id
09/15/2021 08:47:51 PM - SeleniumDriver - INFO: Element not found with locator: user-name and  locatorType: id
09/15/2021 08:47:51 PM - SeleniumDriver - INFO: Cannot send data on the element with locator: user-name locatorType: id
09/15/2021 08:47:58 PM - SeleniumDriver - INFO: Element found with locator: password and  locatorType: id
09/15/2021 08:47:58 PM - SeleniumDriver - INFO: Cannot send data on the element with locator: password locatorType: id
09/15/2021 08:47:59 PM - SeleniumDriver - INFO: Element not found with locator: login-button and  locatorType: id
09/15/2021 08:47:59 PM - SeleniumDriver - INFO: Cannot click on the element with locator: login-button locatorType: id
09/15/2021 08:48:04 PM - SeleniumDriver - INFO: Element not found with locator: react-burger-menu-btn and  locatorType: id
09/15/2021 08:48:04 PM - SeleniumDriver - INFO: Cannot click on the element with locator: react-burger-menu-btn locatorType: id
09/15/2021 08:48:04 PM - SeleniumDriver - INFO: Element not found with locator: about_sidebar_link and  locatorType: id
09/15/2021 08:48:04 PM - SeleniumDriver - INFO: Cannot click on the element with locator: about_sidebar_link locatorType: id
09/15/2021 08:48:04 PM - SeleniumDriver - INFO: Element not found with locator: //span[@class='title' and (contains(text(),'Products'))] and  locatorType: xpath
09/15/2021 08:48:04 PM - SeleniumDriver - INFO: Element not displayed with locator: //span[@class='title' and (contains(text(),'Products'))] locatorType: xpath
09/15/2021 08:48:04 PM - TestStatus - ERROR: ### VERIFICATION FAILED :: + TC3 Completedtest_successful_login
09/15/2021 08:48:04 PM - TestStatus - ERROR: ### Exception Occurred when taking screenshot
09/15/2021 08:48:38 PM - SeleniumDriver - INFO: Element found with locator: user-name and  locatorType: id
09/15/2021 08:48:38 PM - SeleniumDriver - INFO: Sent data on element with locator: user-name locatorType: id
09/15/2021 08:48:38 PM - SeleniumDriver - INFO: Element found with locator: password and  locatorType: id
09/15/2021 08:48:38 PM - SeleniumDriver - INFO: Sent data on element with locator: password locatorType: id
09/15/2021 08:48:38 PM - SeleniumDriver - INFO: Element found with locator: login-button and  locatorType: id
09/15/2021 08:48:38 PM - SeleniumDriver - INFO: Clicked on element with locator: login-button locatorType: id
09/15/2021 08:48:43 PM - SeleniumDriver - INFO: Element found with locator: product_sort_container and  locatorType: class
09/15/2021 08:48:43 PM - SeleniumDriver - INFO: Element is displayed with locator: product_sort_container locatorType: CLASS
09/15/2021 08:48:43 PM - TestStatus - ERROR: ### VERIFICATION FAILED :: + TC1 Completedtest_successful_login
09/15/2021 08:48:44 PM - TestStatus - INFO: Screenshot save to directory: C:\Users\dell-laptop\workspace_python\saucedemo\base\../screenshots/TC1 Completedtest_successful_login.1631719123874.png
09/15/2021 08:53:34 PM - SeleniumDriver - INFO: Element found with locator: user-name and  locatorType: id
09/15/2021 08:53:34 PM - SeleniumDriver - INFO: Sent data on element with locator: user-name locatorType: id
09/15/2021 08:53:34 PM - SeleniumDriver - INFO: Element found with locator: password and  locatorType: id
09/15/2021 08:53:34 PM - SeleniumDriver - INFO: Sent data on element with locator: password locatorType: id
09/15/2021 08:53:34 PM - SeleniumDriver - INFO: Element found with locator: login-button and  locatorType: id
09/15/2021 08:53:35 PM - SeleniumDriver - INFO: Clicked on element with locator: login-button locatorType: id
09/15/2021 08:54:42 PM - SeleniumDriver - INFO: Element found with locator: user-name and  locatorType: id
09/15/2021 08:54:42 PM - SeleniumDriver - INFO: Sent data on element with locator: user-name locatorType: id
09/15/2021 08:54:42 PM - SeleniumDriver - INFO: Element found with locator: password and  locatorType: id
09/15/2021 08:54:42 PM - SeleniumDriver - INFO: Sent data on element with locator: password locatorType: id
09/15/2021 08:54:42 PM - SeleniumDriver - INFO: Element found with locator: login-button and  locatorType: id
09/15/2021 08:54:43 PM - SeleniumDriver - INFO: Clicked on element with locator: login-button locatorType: id
09/15/2021 08:54:48 PM - SeleniumDriver - INFO: Element found with locator: shopping_cart_link and  locatorType: class
09/15/2021 08:54:48 PM - SeleniumDriver - INFO: Element is displayed with locator: shopping_cart_link locatorType: CLASS
09/15/2021 08:54:48 PM - TestStatus - ERROR: ### VERIFICATION FAILED :: + TC1 Completedtest_successful_login
09/15/2021 08:54:48 PM - TestStatus - INFO: Screenshot save to directory: C:\Users\dell-laptop\workspace_python\saucedemo\base\../screenshots/TC1 Completedtest_successful_login.1631719488260.png
09/15/2021 08:55:10 PM - SeleniumDriver - INFO: Element found with locator: user-name and  locatorType: id
09/15/2021 08:55:10 PM - SeleniumDriver - INFO: Sent data on element with locator: user-name locatorType: id
09/15/2021 08:55:10 PM - SeleniumDriver - INFO: Element found with locator: password and  locatorType: id
09/15/2021 08:55:11 PM - SeleniumDriver - INFO: Sent data on element with locator: password locatorType: id
09/15/2021 08:55:11 PM - SeleniumDriver - INFO: Element found with locator: login-button and  locatorType: id
09/15/2021 08:55:11 PM - SeleniumDriver - INFO: Clicked on element with locator: login-button locatorType: id
09/15/2021 08:55:16 PM - SeleniumDriver - INFO: Element found with locator: shopping_cart_link and  locatorType: class
09/15/2021 08:55:16 PM - SeleniumDriver - INFO: Element is displayed with locator: shopping_cart_link locatorType: CLASS
09/15/2021 08:55:16 PM - TestStatus - ERROR: ### VERIFICATION FAILED :: + TC1 Completedtest_successful_login
09/15/2021 08:55:16 PM - TestStatus - INFO: Screenshot save to directory: C:\Users\dell-laptop\workspace_python\saucedemo\base\../screenshots/TC1 Completedtest_successful_login.1631719516405.png
09/15/2021 08:57:27 PM - SeleniumDriver - INFO: Element found with locator: user-name and  locatorType: id
09/15/2021 08:57:27 PM - SeleniumDriver - INFO: Sent data on element with locator: user-name locatorType: id
09/15/2021 08:57:27 PM - SeleniumDriver - INFO: Element found with locator: password and  locatorType: id
09/15/2021 08:57:27 PM - SeleniumDriver - INFO: Sent data on element with locator: password locatorType: id
09/15/2021 08:57:27 PM - SeleniumDriver - INFO: Element found with locator: login-button and  locatorType: id
09/15/2021 08:57:28 PM - SeleniumDriver - INFO: Clicked on element with locator: login-button locatorType: id
09/15/2021 08:57:33 PM - SeleniumDriver - INFO: Element found with locator: shopping_cart_link and  locatorType: class
09/15/2021 08:57:33 PM - SeleniumDriver - INFO: Element is displayed with locator: shopping_cart_link locatorType: CLASS
09/15/2021 08:57:33 PM - TestStatus - ERROR: ### VERIFICATION FAILED :: + TC1 Completedtest_successful_login
09/15/2021 08:57:33 PM - TestStatus - INFO: Screenshot save to directory: C:\Users\dell-laptop\workspace_python\saucedemo\base\../screenshots/TC1 Completedtest_successful_login.1631719653218.png
09/15/2021 08:59:16 PM - SeleniumDriver - INFO: Element found with locator: user-name and  locatorType: id
09/15/2021 08:59:16 PM - SeleniumDriver - INFO: Sent data on element with locator: user-name locatorType: id
09/15/2021 08:59:16 PM - SeleniumDriver - INFO: Element found with locator: password and  locatorType: id
09/15/2021 08:59:17 PM - SeleniumDriver - INFO: Sent data on element with locator: password locatorType: id
09/15/2021 08:59:17 PM - SeleniumDriver - INFO: Element found with locator: login-button and  locatorType: id
09/15/2021 08:59:17 PM - SeleniumDriver - INFO: Clicked on element with locator: login-button locatorType: id
09/15/2021 08:59:22 PM - SeleniumDriver - INFO: Element found with locator: react-burger-menu-btn and  locatorType: id
09/15/2021 08:59:22 PM - SeleniumDriver - INFO: Clicked on element with locator: react-burger-menu-btn locatorType: id
09/15/2021 08:59:22 PM - SeleniumDriver - INFO: Element found with locator: about_sidebar_link and  locatorType: id
09/15/2021 08:59:32 PM - SeleniumDriver - INFO: Clicked on element with locator: about_sidebar_link locatorType: id
09/15/2021 08:59:35 PM - SeleniumDriver - INFO: Element found with locator: login-button and  locatorType: id
09/15/2021 08:59:35 PM - SeleniumDriver - INFO: Element not displayed with locator: login-button locatorType: id
09/15/2021 08:59:35 PM - TestStatus - ERROR: ### VERIFICATION FAILED :: + TC1 Completedtest_successful_login
09/15/2021 08:59:35 PM - TestStatus - ERROR: ### Exception Occurred when taking screenshot
09/15/2021 09:04:05 PM - SeleniumDriver - INFO: Element found with locator: user-name and  locatorType: id
09/15/2021 09:04:05 PM - SeleniumDriver - INFO: Sent data on element with locator: user-name locatorType: id
09/15/2021 09:04:05 PM - SeleniumDriver - INFO: Element found with locator: password and  locatorType: id
09/15/2021 09:04:06 PM - SeleniumDriver - INFO: Sent data on element with locator: password locatorType: id
09/15/2021 09:04:06 PM - SeleniumDriver - INFO: Element found with locator: login-button and  locatorType: id
09/15/2021 09:04:06 PM - SeleniumDriver - INFO: Clicked on element with locator: login-button locatorType: id
09/15/2021 09:04:39 PM - SeleniumDriver - INFO: Element found with locator: user-name and  locatorType: id
09/15/2021 09:04:39 PM - SeleniumDriver - INFO: Sent data on element with locator: user-name locatorType: id
09/15/2021 09:04:39 PM - SeleniumDriver - INFO: Element found with locator: password and  locatorType: id
09/15/2021 09:04:39 PM - SeleniumDriver - INFO: Sent data on element with locator: password locatorType: id
09/15/2021 09:04:39 PM - SeleniumDriver - INFO: Element found with locator: login-button and  locatorType: id
09/15/2021 09:04:39 PM - SeleniumDriver - INFO: Clicked on element with locator: login-button locatorType: id
09/15/2021 09:05:26 PM - SeleniumDriver - INFO: Element found with locator: user-name and  locatorType: id
09/15/2021 09:05:27 PM - SeleniumDriver - INFO: Sent data on element with locator: user-name locatorType: id
09/15/2021 09:05:27 PM - SeleniumDriver - INFO: Element found with locator: password and  locatorType: id
09/15/2021 09:05:27 PM - SeleniumDriver - INFO: Sent data on element with locator: password locatorType: id
09/15/2021 09:05:27 PM - SeleniumDriver - INFO: Element found with locator: login-button and  locatorType: id
09/15/2021 09:05:27 PM - SeleniumDriver - INFO: Clicked on element with locator: login-button locatorType: id
09/15/2021 09:05:32 PM - SeleniumDriver - INFO: Element found with locator: Sauce Labs Backpack and  locatorType: partiallink
09/15/2021 09:05:32 PM - SeleniumDriver - INFO: Element is displayed with locator: Sauce Labs Backpack locatorType: partiallink
09/15/2021 09:05:32 PM - TestStatus - ERROR: ### VERIFICATION FAILED :: + TC1 Completedtest_successful_login
09/15/2021 09:05:32 PM - TestStatus - INFO: Screenshot save to directory: C:\Users\dell-laptop\workspace_python\saucedemo\base\../screenshots/TC1 Completedtest_successful_login.1631720132482.png
09/15/2021 09:10:06 PM - SeleniumDriver - INFO: Element found with locator: user-name and  locatorType: id
09/15/2021 09:10:06 PM - SeleniumDriver - INFO: Sent data on element with locator: user-name locatorType: id
09/15/2021 09:10:06 PM - SeleniumDriver - INFO: Element found with locator: password and  locatorType: id
09/15/2021 09:10:06 PM - SeleniumDriver - INFO: Sent data on element with locator: password locatorType: id
09/15/2021 09:10:06 PM - SeleniumDriver - INFO: Element found with locator: login-button and  locatorType: id
09/15/2021 09:10:06 PM - SeleniumDriver - INFO: Clicked on element with locator: login-button locatorType: id
09/15/2021 09:10:11 PM - SeleniumDriver - INFO: Element found with locator: Sauce Labs Backpack and  locatorType: partiallink
09/15/2021 09:10:11 PM - SeleniumDriver - INFO: Element is displayed with locator: Sauce Labs Backpack locatorType: partiallink
09/15/2021 09:10:11 PM - TestStatus - ERROR: ### VERIFICATION FAILED :: + TC1 Completedtest_successful_login
09/15/2021 09:10:12 PM - TestStatus - INFO: Screenshot save to directory: C:\Users\dell-laptop\workspace_python\saucedemo\base\../screenshots/TC1 Completedtest_successful_login.1631720411987.png
09/15/2021 09:10:17 PM - SeleniumDriver - INFO: Element found with locator: Sauce Labs Backpack and  locatorType: partiallink
09/15/2021 09:10:17 PM - SeleniumDriver - INFO: Clicked on element with locator: Sauce Labs Backpack locatorType: partiallink
09/15/2021 09:10:22 PM - SeleniumDriver - INFO: Element found with locator: //button[contains(text(),'Add to cart')] and  locatorType: xpath
09/15/2021 09:10:22 PM - SeleniumDriver - INFO: Clicked on element with locator: //button[contains(text(),'Add to cart')] locatorType: xpath
09/15/2021 09:10:27 PM - SeleniumDriver - INFO: Element found with locator: shopping_cart_link and  locatorType: class
09/15/2021 09:10:27 PM - SeleniumDriver - INFO: Clicked on element with locator: shopping_cart_link locatorType: class
09/15/2021 09:10:32 PM - SeleniumDriver - INFO: Element found with locator: Sauce Labs Backpack and  locatorType: partiallink
09/15/2021 09:10:32 PM - SeleniumDriver - INFO: Element is displayed with locator: Sauce Labs Backpack locatorType: partiallink
09/15/2021 09:10:32 PM - SeleniumDriver - INFO: Element found with locator: Sauce Labs Backpack and  locatorType: partiallink
09/15/2021 09:10:32 PM - SeleniumDriver - INFO: Element is displayed with locator: Sauce Labs Backpack locatorType: partiallink
09/15/2021 09:10:32 PM - TestStatus - ERROR: ### VERIFICATION SUCCESSFUL :: + TC2 Completedtest_display_added_items
09/15/2021 09:10:32 PM - SeleniumDriver - INFO: Element found with locator: react-burger-menu-btn and  locatorType: id
09/15/2021 09:10:33 PM - SeleniumDriver - INFO: Clicked on element with locator: react-burger-menu-btn locatorType: id
09/15/2021 09:10:33 PM - SeleniumDriver - INFO: Element found with locator: about_sidebar_link and  locatorType: id
09/15/2021 09:10:37 PM - SeleniumDriver - INFO: Clicked on element with locator: about_sidebar_link locatorType: id
09/15/2021 09:10:47 PM - SeleniumDriver - INFO: Element not found with locator: user-name and  locatorType: id
09/15/2021 09:10:47 PM - SeleniumDriver - INFO: Cannot send data on the element with locator: user-name locatorType: id
09/15/2021 09:10:57 PM - SeleniumDriver - INFO: Element not found with locator: password and  locatorType: id
09/15/2021 09:10:57 PM - SeleniumDriver - INFO: Cannot send data on the element with locator: password locatorType: id
09/15/2021 09:11:07 PM - SeleniumDriver - INFO: Element not found with locator: login-button and  locatorType: id
09/15/2021 09:11:07 PM - SeleniumDriver - INFO: Cannot click on the element with locator: login-button locatorType: id
09/15/2021 09:11:22 PM - SeleniumDriver - INFO: Element not found with locator: react-burger-menu-btn and  locatorType: id
09/15/2021 09:11:22 PM - SeleniumDriver - INFO: Cannot click on the element with locator: react-burger-menu-btn locatorType: id
09/15/2021 09:11:32 PM - SeleniumDriver - INFO: Element not found with locator: about_sidebar_link and  locatorType: id
09/15/2021 09:11:32 PM - SeleniumDriver - INFO: Cannot click on the element with locator: about_sidebar_link locatorType: id
09/15/2021 09:11:43 PM - SeleniumDriver - INFO: Element not found with locator: login-button and  locatorType: id
09/15/2021 09:11:43 PM - SeleniumDriver - INFO: Element not displayed with locator: login-button locatorType: id
09/15/2021 09:11:43 PM - TestStatus - ERROR: ### VERIFICATION FAILED :: + TC3 Completedtest_successful_login
09/15/2021 09:11:43 PM - TestStatus - INFO: Screenshot save to directory: C:\Users\dell-laptop\workspace_python\saucedemo\base\../screenshots/TC3 Completedtest_successful_login.1631720503122.png
09/15/2021 09:13:15 PM - SeleniumDriver - INFO: Element found with locator: user-name and  locatorType: id
09/15/2021 09:13:15 PM - SeleniumDriver - INFO: Sent data on element with locator: user-name locatorType: id
09/15/2021 09:13:15 PM - SeleniumDriver - INFO: Element found with locator: password and  locatorType: id
09/15/2021 09:13:15 PM - SeleniumDriver - INFO: Sent data on element with locator: password locatorType: id
09/15/2021 09:13:15 PM - SeleniumDriver - INFO: Element found with locator: login-button and  locatorType: id
09/15/2021 09:13:16 PM - SeleniumDriver - INFO: Clicked on element with locator: login-button locatorType: id
09/15/2021 09:13:21 PM - SeleniumDriver - INFO: Element found with locator: Sauce Labs Backpack and  locatorType: partiallink
09/15/2021 09:13:21 PM - SeleniumDriver - INFO: Element is displayed with locator: Sauce Labs Backpack locatorType: partiallink
09/15/2021 09:13:21 PM - TestStatus - ERROR: ### VERIFICATION FAILED :: + TC1 Completedtest_successful_login
09/15/2021 09:13:21 PM - TestStatus - INFO: Screenshot save to directory: C:\Users\dell-laptop\workspace_python\saucedemo\base\../screenshots/TC1 Completedtest_successful_login.1631720601166.png
09/15/2021 09:13:26 PM - SeleniumDriver - INFO: Element found with locator: Sauce Labs Backpack and  locatorType: partiallink
09/15/2021 09:13:26 PM - SeleniumDriver - INFO: Clicked on element with locator: Sauce Labs Backpack locatorType: partiallink
09/15/2021 09:13:31 PM - SeleniumDriver - INFO: Element found with locator: //button[contains(text(),'Add to cart')] and  locatorType: xpath
09/15/2021 09:13:31 PM - SeleniumDriver - INFO: Clicked on element with locator: //button[contains(text(),'Add to cart')] locatorType: xpath
09/15/2021 09:13:36 PM - SeleniumDriver - INFO: Element found with locator: shopping_cart_link and  locatorType: class
09/15/2021 09:13:36 PM - SeleniumDriver - INFO: Clicked on element with locator: shopping_cart_link locatorType: class
09/15/2021 09:13:42 PM - SeleniumDriver - INFO: Element found with locator: Sauce Labs Backpack and  locatorType: partiallink
09/15/2021 09:13:42 PM - SeleniumDriver - INFO: Element is displayed with locator: Sauce Labs Backpack locatorType: partiallink
09/15/2021 09:13:42 PM - SeleniumDriver - INFO: Element found with locator: Sauce Labs Backpack and  locatorType: partiallink
09/15/2021 09:13:42 PM - SeleniumDriver - INFO: Element is displayed with locator: Sauce Labs Backpack locatorType: partiallink
09/15/2021 09:13:42 PM - TestStatus - ERROR: ### VERIFICATION SUCCESSFUL :: + TC2 Completedtest_display_added_items
09/15/2021 09:13:42 PM - SeleniumDriver - INFO: Element found with locator: react-burger-menu-btn and  locatorType: id
09/15/2021 09:13:42 PM - SeleniumDriver - INFO: Clicked on element with locator: react-burger-menu-btn locatorType: id
09/15/2021 09:13:42 PM - SeleniumDriver - INFO: Element found with locator: about_sidebar_link and  locatorType: id
09/15/2021 09:13:51 PM - SeleniumDriver - INFO: Clicked on element with locator: about_sidebar_link locatorType: id
09/15/2021 09:15:04 PM - SeleniumDriver - INFO: Element found with locator: user-name and  locatorType: id
09/15/2021 09:15:04 PM - SeleniumDriver - INFO: Sent data on element with locator: user-name locatorType: id
09/15/2021 09:15:04 PM - SeleniumDriver - INFO: Element found with locator: password and  locatorType: id
09/15/2021 09:15:04 PM - SeleniumDriver - INFO: Sent data on element with locator: password locatorType: id
09/15/2021 09:15:04 PM - SeleniumDriver - INFO: Element found with locator: login-button and  locatorType: id
09/15/2021 09:15:05 PM - SeleniumDriver - INFO: Clicked on element with locator: login-button locatorType: id
09/15/2021 09:15:10 PM - SeleniumDriver - INFO: Element found with locator: Sauce Labs Backpack and  locatorType: partiallink
09/15/2021 09:15:10 PM - SeleniumDriver - INFO: Element is displayed with locator: Sauce Labs Backpack locatorType: partiallink
09/15/2021 09:15:10 PM - TestStatus - ERROR: ### VERIFICATION FAILED :: + TC1 Completedtest_successful_login
09/15/2021 09:15:10 PM - TestStatus - INFO: Screenshot save to directory: C:\Users\dell-laptop\workspace_python\saucedemo\base\../screenshots/TC1 Completedtest_successful_login.1631720710088.png
09/15/2021 09:15:15 PM - SeleniumDriver - INFO: Element found with locator: Sauce Labs Backpack and  locatorType: partiallink
09/15/2021 09:15:15 PM - SeleniumDriver - INFO: Clicked on element with locator: Sauce Labs Backpack locatorType: partiallink
09/15/2021 09:15:20 PM - SeleniumDriver - INFO: Element found with locator: //button[contains(text(),'Add to cart')] and  locatorType: xpath
09/15/2021 09:15:20 PM - SeleniumDriver - INFO: Clicked on element with locator: //button[contains(text(),'Add to cart')] locatorType: xpath
09/15/2021 09:15:25 PM - SeleniumDriver - INFO: Element found with locator: shopping_cart_link and  locatorType: class
09/15/2021 09:15:25 PM - SeleniumDriver - INFO: Clicked on element with locator: shopping_cart_link locatorType: class
09/15/2021 09:15:31 PM - SeleniumDriver - INFO: Element found with locator: Sauce Labs Backpack and  locatorType: partiallink
09/15/2021 09:15:31 PM - SeleniumDriver - INFO: Element is displayed with locator: Sauce Labs Backpack locatorType: partiallink
09/15/2021 09:15:31 PM - SeleniumDriver - INFO: Element found with locator: Sauce Labs Backpack and  locatorType: partiallink
09/15/2021 09:15:31 PM - SeleniumDriver - INFO: Element is displayed with locator: Sauce Labs Backpack locatorType: partiallink
09/15/2021 09:15:31 PM - TestStatus - ERROR: ### VERIFICATION SUCCESSFUL :: + TC2 Completedtest_display_added_items
09/15/2021 09:15:31 PM - SeleniumDriver - INFO: Element found with locator: react-burger-menu-btn and  locatorType: id
09/15/2021 09:15:31 PM - SeleniumDriver - INFO: Clicked on element with locator: react-burger-menu-btn locatorType: id
09/15/2021 09:15:31 PM - SeleniumDriver - INFO: Element found with locator: logout_sidebar_link and  locatorType: id
09/15/2021 09:15:31 PM - SeleniumDriver - INFO: Clicked on element with locator: logout_sidebar_link locatorType: id
09/15/2021 09:15:31 PM - SeleniumDriver - INFO: Element found with locator: user-name and  locatorType: id
09/15/2021 09:15:31 PM - SeleniumDriver - INFO: Sent data on element with locator: user-name locatorType: id
09/15/2021 09:15:31 PM - SeleniumDriver - INFO: Element found with locator: password and  locatorType: id
09/15/2021 09:15:31 PM - SeleniumDriver - INFO: Sent data on element with locator: password locatorType: id
09/15/2021 09:15:31 PM - SeleniumDriver - INFO: Element found with locator: login-button and  locatorType: id
09/15/2021 09:15:31 PM - SeleniumDriver - INFO: Clicked on element with locator: login-button locatorType: id
09/15/2021 09:15:36 PM - SeleniumDriver - INFO: Element found with locator: react-burger-menu-btn and  locatorType: id
09/15/2021 09:15:36 PM - SeleniumDriver - INFO: Clicked on element with locator: react-burger-menu-btn locatorType: id
09/15/2021 09:15:36 PM - SeleniumDriver - INFO: Element found with locator: logout_sidebar_link and  locatorType: id
09/15/2021 09:15:36 PM - SeleniumDriver - INFO: Clicked on element with locator: logout_sidebar_link locatorType: id
09/15/2021 09:15:36 PM - SeleniumDriver - INFO: Element found with locator: login-button and  locatorType: id
09/15/2021 09:15:36 PM - SeleniumDriver - INFO: Element is displayed with locator: login-button locatorType: id
09/15/2021 09:15:36 PM - TestStatus - ERROR: ### VERIFICATION SUCCESSFUL :: + TC3 Completedtest_successful_login
09/15/2021 09:16:27 PM - SeleniumDriver - INFO: Element found with locator: user-name and  locatorType: id
09/15/2021 09:16:27 PM - SeleniumDriver - INFO: Sent data on element with locator: user-name locatorType: id
09/15/2021 09:16:27 PM - SeleniumDriver - INFO: Element found with locator: password and  locatorType: id
09/15/2021 09:16:27 PM - SeleniumDriver - INFO: Sent data on element with locator: password locatorType: id
09/15/2021 09:16:27 PM - SeleniumDriver - INFO: Element found with locator: login-button and  locatorType: id
09/15/2021 09:16:27 PM - SeleniumDriver - INFO: Clicked on element with locator: login-button locatorType: id
09/15/2021 09:16:37 PM - SeleniumDriver - INFO: Element found with locator: Sauce Labs Backpack and  locatorType: partiallink
09/15/2021 09:16:37 PM - SeleniumDriver - INFO: Element is displayed with locator: Sauce Labs Backpack locatorType: partiallink
09/15/2021 09:16:37 PM - TestStatus - ERROR: ### VERIFICATION FAILED :: + TC1 Completedtest_successful_login
09/15/2021 09:16:38 PM - TestStatus - INFO: Screenshot save to directory: C:\Users\dell-laptop\workspace_python\saucedemo\base\../screenshots/TC1 Completedtest_successful_login.1631720797902.png
09/15/2021 09:16:43 PM - SeleniumDriver - INFO: Element found with locator: Sauce Labs Backpack and  locatorType: partiallink
09/15/2021 09:16:43 PM - SeleniumDriver - INFO: Clicked on element with locator: Sauce Labs Backpack locatorType: partiallink
09/15/2021 09:16:48 PM - SeleniumDriver - INFO: Element found with locator: //button[contains(text(),'Add to cart')] and  locatorType: xpath
09/15/2021 09:16:48 PM - SeleniumDriver - INFO: Clicked on element with locator: //button[contains(text(),'Add to cart')] locatorType: xpath
09/15/2021 09:16:53 PM - SeleniumDriver - INFO: Element found with locator: shopping_cart_link and  locatorType: class
09/15/2021 09:16:53 PM - SeleniumDriver - INFO: Clicked on element with locator: shopping_cart_link locatorType: class
09/15/2021 09:16:58 PM - SeleniumDriver - INFO: Element found with locator: Sauce Labs Backpack and  locatorType: partiallink
09/15/2021 09:16:58 PM - SeleniumDriver - INFO: Element is displayed with locator: Sauce Labs Backpack locatorType: partiallink
09/15/2021 09:16:58 PM - SeleniumDriver - INFO: Element found with locator: Sauce Labs Backpack and  locatorType: partiallink
09/15/2021 09:16:58 PM - SeleniumDriver - INFO: Element is displayed with locator: Sauce Labs Backpack locatorType: partiallink
09/15/2021 09:16:58 PM - TestStatus - ERROR: ### VERIFICATION SUCCESSFUL :: + TC2 Completedtest_display_added_items
09/15/2021 09:16:58 PM - SeleniumDriver - INFO: Element found with locator: react-burger-menu-btn and  locatorType: id
09/15/2021 09:16:59 PM - SeleniumDriver - INFO: Clicked on element with locator: react-burger-menu-btn locatorType: id
09/15/2021 09:16:59 PM - SeleniumDriver - INFO: Element found with locator: logout_sidebar_link and  locatorType: id
09/15/2021 09:16:59 PM - SeleniumDriver - INFO: Clicked on element with locator: logout_sidebar_link locatorType: id
09/15/2021 09:16:59 PM - SeleniumDriver - INFO: Element found with locator: user-name and  locatorType: id
09/15/2021 09:16:59 PM - SeleniumDriver - INFO: Sent data on element with locator: user-name locatorType: id
09/15/2021 09:16:59 PM - SeleniumDriver - INFO: Element found with locator: password and  locatorType: id
09/15/2021 09:16:59 PM - SeleniumDriver - INFO: Sent data on element with locator: password locatorType: id
09/15/2021 09:16:59 PM - SeleniumDriver - INFO: Element found with locator: login-button and  locatorType: id
09/15/2021 09:16:59 PM - SeleniumDriver - INFO: Clicked on element with locator: login-button locatorType: id
09/15/2021 09:17:04 PM - SeleniumDriver - INFO: Element found with locator: react-burger-menu-btn and  locatorType: id
09/15/2021 09:17:04 PM - SeleniumDriver - INFO: Clicked on element with locator: react-burger-menu-btn locatorType: id
09/15/2021 09:17:04 PM - SeleniumDriver - INFO: Element found with locator: logout_sidebar_link and  locatorType: id
09/15/2021 09:17:04 PM - SeleniumDriver - INFO: Clicked on element with locator: logout_sidebar_link locatorType: id
09/15/2021 09:17:04 PM - SeleniumDriver - INFO: Element found with locator: login-button and  locatorType: id
09/15/2021 09:17:04 PM - SeleniumDriver - INFO: Element is displayed with locator: login-button locatorType: id
09/15/2021 09:17:04 PM - TestStatus - ERROR: ### VERIFICATION SUCCESSFUL :: + TC3 Completedtest_successful_login
09/15/2021 10:23:53 PM - SeleniumDriver - INFO: Element found with locator: user-name and  locatorType: id
09/15/2021 10:23:54 PM - SeleniumDriver - INFO: Sent data on element with locator: user-name locatorType: id
09/15/2021 10:23:54 PM - SeleniumDriver - INFO: Element found with locator: password and  locatorType: id
09/15/2021 10:23:54 PM - SeleniumDriver - INFO: Sent data on element with locator: password locatorType: id
09/15/2021 10:23:54 PM - SeleniumDriver - INFO: Element found with locator: login-button and  locatorType: id
09/15/2021 10:23:54 PM - SeleniumDriver - INFO: Clicked on element with locator: login-button locatorType: id
09/15/2021 10:24:04 PM - SeleniumDriver - INFO: Element found with locator: Sauce Labs Backpack and  locatorType: partiallink
09/15/2021 10:24:04 PM - SeleniumDriver - INFO: Element is displayed with locator: Sauce Labs Backpack locatorType: partiallink
09/15/2021 10:24:04 PM - TestStatus - ERROR: ### VERIFICATION FAILED :: + TC1 Completedtest_successful_login
09/15/2021 10:24:05 PM - TestStatus - INFO: Screenshot save to directory: C:\Users\dell-laptop\workspace_python\saucedemo\base\../screenshots/TC1 Completedtest_successful_login.1631724844677.png
09/15/2021 10:24:10 PM - SeleniumDriver - INFO: Element found with locator: Sauce Labs Backpack and  locatorType: partiallink
09/15/2021 10:24:10 PM - SeleniumDriver - INFO: Clicked on element with locator: Sauce Labs Backpack locatorType: partiallink
09/15/2021 10:24:15 PM - SeleniumDriver - INFO: Element found with locator: //button[contains(text(),'Add to cart')] and  locatorType: xpath
09/15/2021 10:24:15 PM - SeleniumDriver - INFO: Clicked on element with locator: //button[contains(text(),'Add to cart')] locatorType: xpath
09/15/2021 10:24:20 PM - SeleniumDriver - INFO: Element found with locator: shopping_cart_link and  locatorType: class
09/15/2021 10:24:20 PM - SeleniumDriver - INFO: Clicked on element with locator: shopping_cart_link locatorType: class
09/15/2021 10:24:25 PM - SeleniumDriver - INFO: Element found with locator: Sauce Labs Backpack and  locatorType: partiallink
09/15/2021 10:24:25 PM - SeleniumDriver - INFO: Element is displayed with locator: Sauce Labs Backpack locatorType: partiallink
09/15/2021 10:24:25 PM - SeleniumDriver - INFO: Element found with locator: Sauce Labs Backpack and  locatorType: partiallink
09/15/2021 10:24:25 PM - SeleniumDriver - INFO: Element is displayed with locator: Sauce Labs Backpack locatorType: partiallink
09/15/2021 10:24:25 PM - TestStatus - ERROR: ### VERIFICATION SUCCESSFUL :: + TC2 Completedtest_display_added_items
09/15/2021 10:24:25 PM - SeleniumDriver - INFO: Element found with locator: react-burger-menu-btn and  locatorType: id
09/15/2021 10:24:26 PM - SeleniumDriver - INFO: Clicked on element with locator: react-burger-menu-btn locatorType: id
09/15/2021 10:24:26 PM - SeleniumDriver - INFO: Element found with locator: logout_sidebar_link and  locatorType: id
09/15/2021 10:24:26 PM - SeleniumDriver - INFO: Clicked on element with locator: logout_sidebar_link locatorType: id
09/15/2021 10:24:26 PM - SeleniumDriver - INFO: Element found with locator: user-name and  locatorType: id
09/15/2021 10:24:26 PM - SeleniumDriver - INFO: Sent data on element with locator: user-name locatorType: id
09/15/2021 10:24:26 PM - SeleniumDriver - INFO: Element found with locator: password and  locatorType: id
09/15/2021 10:24:26 PM - SeleniumDriver - INFO: Sent data on element with locator: password locatorType: id
09/15/2021 10:24:26 PM - SeleniumDriver - INFO: Element found with locator: login-button and  locatorType: id
09/15/2021 10:24:26 PM - SeleniumDriver - INFO: Clicked on element with locator: login-button locatorType: id
09/15/2021 10:24:31 PM - SeleniumDriver - INFO: Element found with locator: react-burger-menu-btn and  locatorType: id
09/15/2021 10:24:31 PM - SeleniumDriver - INFO: Clicked on element with locator: react-burger-menu-btn locatorType: id
09/15/2021 10:24:31 PM - SeleniumDriver - INFO: Element found with locator: logout_sidebar_link and  locatorType: id
09/15/2021 10:24:31 PM - SeleniumDriver - INFO: Clicked on element with locator: logout_sidebar_link locatorType: id
09/15/2021 10:24:31 PM - SeleniumDriver - INFO: Element found with locator: login-button and  locatorType: id
09/15/2021 10:24:31 PM - SeleniumDriver - INFO: Element is displayed with locator: login-button locatorType: id
09/15/2021 10:24:31 PM - TestStatus - ERROR: ### VERIFICATION SUCCESSFUL :: + TC3 Completedtest_successful_login
